2025-06-24 15:57:52.751 +03:00 [INF] Start installing Hangfire SQL objects...
2025-06-24 15:57:53.267 +03:00 [INF] Hangfire SQL objects installed.
2025-06-24 15:57:54.834 +03:00 [INF] Now listening on: http://localhost:5086
2025-06-24 15:57:54.844 +03:00 [INF] Starting Hangfire Server using job storage: 'SQL Server: LAPTOP-MG727EBL\SQLEXPRESS@TaskManagerDB'
2025-06-24 15:57:54.846 +03:00 [INF] Using the following options for SQL Server job storage: Queue poll interval: 00:00:00.
2025-06-24 15:57:54.848 +03:00 [INF] Using the following options for Hangfire Server:
    Worker count: 20
    Listening queues: 'default'
    Shutdown timeout: 00:00:15
    Schedule polling interval: 00:00:15
2025-06-24 15:57:54.859 +03:00 [INF] Application started. Press Ctrl+C to shut down.
2025-06-24 15:57:54.861 +03:00 [INF] Hosting environment: Development
2025-06-24 15:57:54.863 +03:00 [INF] Content root path: B:\1\30\TaskManagerMVC\TaskManager.Web
2025-06-24 15:57:54.877 +03:00 [INF] Server laptop-mg727ebl:14228:560404d4 successfully announced in 10.6234 ms
2025-06-24 15:57:54.880 +03:00 [INF] Server laptop-mg727ebl:14228:560404d4 is starting the registered dispatchers: ServerWatchdog, ServerJobCancellationWatcher, SqlServerHeartbeatProcess, ExpirationManager, CountersAggregator, Worker, DelayedJobScheduler, RecurringJobScheduler...
2025-06-24 15:57:54.887 +03:00 [INF] Server laptop-mg727ebl:14228:560404d4 all the dispatchers started
2025-06-24 15:58:01.485 +03:00 [WRN] Failed to determine the https port for redirect.
2025-06-24 15:58:03.750 +03:00 [INF] Dashboard loaded for user fbf44302-5ae1-43e9-9ac0-a5869d5d62b9 in 2187ms
2025-06-24 15:58:04.026 +03:00 [INF] User fbf44302-5ae1-43e9-9ac0-a5869d5d62b9 connected to notifications hub
2025-06-24 15:58:06.015 +03:00 [ERR] An unhandled exception has occurred while executing the request.
System.InvalidOperationException: Unable to resolve service for type 'TaskManager.Web.Services.Infrastructure.ElasticsearchService' while attempting to activate 'TaskManager.Web.Controllers.ElasticsearchDebugController'.
   at Microsoft.Extensions.DependencyInjection.ActivatorUtilities.ThrowHelperUnableToResolveService(Type type, Type requiredBy)
   at lambda_method327(Closure, IServiceProvider, Object[])
   at Microsoft.AspNetCore.Mvc.Controllers.ControllerFactoryProvider.<>c__DisplayClass6_0.<CreateControllerFactory>g__CreateController|0(ControllerContext controllerContext)
   at Microsoft.AspNetCore.Mvc.Infrastructure.ControllerActionInvoker.Next(State& next, Scope& scope, Object& state, Boolean& isCompleted)
   at Microsoft.AspNetCore.Mvc.Infrastructure.ControllerActionInvoker.InvokeInnerFilterAsync()
--- End of stack trace from previous location ---
   at Microsoft.AspNetCore.Mvc.Infrastructure.ResourceInvoker.<InvokeNextResourceFilter>g__Awaited|25_0(ResourceInvoker invoker, Task lastTask, State next, Scope scope, Object state, Boolean isCompleted)
   at Microsoft.AspNetCore.Mvc.Infrastructure.ResourceInvoker.Rethrow(ResourceExecutedContextSealed context)
   at Microsoft.AspNetCore.Mvc.Infrastructure.ResourceInvoker.Next(State& next, Scope& scope, Object& state, Boolean& isCompleted)
   at Microsoft.AspNetCore.Mvc.Infrastructure.ResourceInvoker.InvokeFilterPipelineAsync()
--- End of stack trace from previous location ---
   at Microsoft.AspNetCore.Mvc.Infrastructure.ResourceInvoker.<InvokeAsync>g__Awaited|17_0(ResourceInvoker invoker, Task task, IDisposable scope)
   at Microsoft.AspNetCore.Mvc.Infrastructure.ResourceInvoker.<InvokeAsync>g__Awaited|17_0(ResourceInvoker invoker, Task task, IDisposable scope)
   at Microsoft.AspNetCore.Authorization.AuthorizationMiddleware.Invoke(HttpContext context)
   at Microsoft.AspNetCore.Authentication.AuthenticationMiddleware.Invoke(HttpContext context)
   at AspNetCoreRateLimit.RateLimitMiddleware`1.Invoke(HttpContext context) in C:\Users\User\Documents\Github\AspNetCoreRateLimit\src\AspNetCoreRateLimit\Middleware\RateLimitMiddleware.cs:line 124
   at Microsoft.AspNetCore.Diagnostics.DeveloperExceptionPageMiddlewareImpl.Invoke(HttpContext context)
2025-06-24 15:58:06.064 +03:00 [INF] User fbf44302-5ae1-43e9-9ac0-a5869d5d62b9 disconnected from notifications hub
2025-06-24 16:00:10.144 +03:00 [INF] Starting Elasticsearch sync job
2025-06-24 16:00:10.399 +03:00 [INF] ✅ ES SUCCESS: "HEAD" "http://localhost:9200/taskmanager-2025-06?pretty=true"
📤 REQUEST: null
📥 RESPONSE: null
2025-06-24 16:00:10.408 +03:00 [INF] ✅ ES SUCCESS: "HEAD" "http://localhost:9200/taskmanager-2025-06?pretty=true"
📤 REQUEST: null
📥 RESPONSE: null
2025-06-24 16:00:10.670 +03:00 [INF] ✅ ES SUCCESS: "PUT" "http://localhost:9200/taskmanager-2025-06?pretty=true"
📤 REQUEST: {"mappings":{"properties":{"id":{"type":"integer"},"title":{"analyzer":"standard","type":"text"},"description":{"analyzer":"standard","type":"text"},"priority":{"type":"keyword"},"status":{"type":"keyword"},"dueDate":{"type":"date"},"createdAt":{"type":"date"},"completedAt":{"type":"date"},"userId":{"type":"keyword"},"project":{"properties":{"id":{"type":"integer"},"name":{"analyzer":"standard","type":"text"},"description":{"analyzer":"standard","type":"text"},"color":{"type":"keyword"}},"type":"nested"},"comments":{"properties":{"id":{"type":"integer"},"content":{"analyzer":"standard","type":"text"},"createdAt":{"type":"date"},"userId":{"type":"keyword"}},"type":"nested"},"searchContent":{"analyzer":"task_analyzer","type":"text"},"tags":{"type":"keyword"},"isOverdue":{"type":"boolean"},"isDeleted":{"type":"boolean"}}},"settings":{"index.number_of_replicas":0,"analysis":{"analyzer":{"task_analyzer":{"filter":["lowercase","stop","stemmer"],"tokenizer":"standard","type":"custom"}}},"index.number_of_shards":1}}
📥 RESPONSE: {
  "acknowledged" : true,
  "shards_acknowledged" : true,
  "index" : "taskmanager-2025-06"
}

2025-06-24 16:00:10.675 +03:00 [INF] Successfully created index taskmanager-2025-06
2025-06-24 16:00:10.818 +03:00 [INF] ✅ ES SUCCESS: "POST" "http://localhost:9200/taskmanager-2025-06/_bulk?pretty=true"
📤 REQUEST: {"index":{"_id":4,"routing":"fbf44302-5ae1-43e9-9ac0-a5869d5d62b9"}}
{"id":4,"title":"Running Club 1 Edit","description":"qqqqqq","priority":"Medium","status":"Todo","dueDate":"2025-06-07T10:56:00","createdAt":"2025-06-23T07:56:50.4438436","userId":"fbf44302-5ae1-43e9-9ac0-a5869d5d62b9","project":{"id":2,"name":"belal saad","description":"ccc","color":"#000000"},"comments":[],"searchContent":"Running Club 1 Edit qqqqqq belal saad ","tags":["priority:medium","status:todo","project:belal saad"],"isOverdue":true,"isDeleted":false}
{"index":{"_id":5,"routing":"fbf44302-5ae1-43e9-9ac0-a5869d5d62b9"}}
{"id":5,"title":"siiiiiiiiiiiiii","description":"siiiiiiiiiii","priority":"Critical","status":"Todo","dueDate":"2025-06-23T12:55:00","createdAt":"2025-06-23T09:52:43.4288273","userId":"fbf44302-5ae1-43e9-9ac0-a5869d5d62b9","project":{"id":2,"name":"belal saad","description":"ccc","color":"#000000"},"comments":[],"searchContent":"siiiiiiiiiiiiii siiiiiiiiiii belal saad ","tags":["priority:critical","status:todo","project:belal saad"],"isOverdue":true,"isDeleted":false}
{"index":{"_id":6,"routing":"fbf44302-5ae1-43e9-9ac0-a5869d5d62b9"}}
{"id":6,"title":"toto","description":"dafa","priority":"Medium","status":"Todo","dueDate":"2025-06-07T15:31:00","createdAt":"2025-06-23T12:31:08.0020957","userId":"fbf44302-5ae1-43e9-9ac0-a5869d5d62b9","project":{"id":3,"name":"Mohamed ANAS SAAD","description":"sdasdasd","color":"#df0707"},"comments":[],"searchContent":"toto dafa Mohamed ANAS SAAD ","tags":["priority:medium","status:todo","project:mohamed anas saad"],"isOverdue":true,"isDeleted":false}
{"index":{"_id":8,"routing":"fbf44302-5ae1-43e9-9ac0-a5869d5d62b9"}}
{"id":8,"title":"totoppppp","description":"fasafdac","priority":"High","status":"Todo","dueDate":"2025-06-26T11:08:00","createdAt":"2025-06-24T08:08:47.2005384","userId":"fbf44302-5ae1-43e9-9ac0-a5869d5d62b9","project":{"id":2,"name":"belal saad","description":"ccc","color":"#000000"},"comments":[],"searchContent":"totoppppp fasafdac belal saad ","tags":["priority:high","status:todo","project:belal saad"],"isOverdue":false,"isDeleted":false}
{"index":{"_id":9,"routing":"fbf44302-5ae1-43e9-9ac0-a5869d5d62b9"}}
{"id":9,"title":"gg","description":"nice game","priority":"Low","status":"Todo","dueDate":"2025-06-18T11:17:00","createdAt":"2025-06-24T08:17:27.8163927","userId":"fbf44302-5ae1-43e9-9ac0-a5869d5d62b9","project":{"id":3,"name":"Mohamed ANAS SAAD","description":"sdasdasd","color":"#df0707"},"comments":[],"searchContent":"gg nice game Mohamed ANAS SAAD ","tags":["priority:low","status:todo","project:mohamed anas saad"],"isOverdue":true,"isDeleted":false}
{"index":{"_id":10,"routing":"fbf44302-5ae1-43e9-9ac0-a5869d5d62b9"}}
{"id":10,"title":"not gg","description":"not good game","priority":"Medium","status":"Todo","dueDate":"2025-06-27T11:19:00","createdAt":"2025-06-24T08:19:47.9170723","userId":"fbf44302-5ae1-43e9-9ac0-a5869d5d62b9","project":{"id":2,"name":"belal saad","description":"ccc","color":"#000000"},"comments":[],"searchContent":"not gg not good game belal saad ","tags":["priority:medium","status:todo","project:belal saad"],"isOverdue":false,"isDeleted":false}
{"index":{"_id":11,"routing":"fbf44302-5ae1-43e9-9ac0-a5869d5d62b9"}}
{"id":11,"title":"bilal","description":"asdasd","priority":"High","status":"Todo","dueDate":"2025-06-12T00:00:00","createdAt":"2025-06-24T08:36:11.0621349","userId":"fbf44302-5ae1-43e9-9ac0-a5869d5d62b9","comments":[],"searchContent":"bilal asdasd  ","tags":["priority:high","status:todo"],"isOverdue":true,"isDeleted":false}
{"index":{"_id":12,"routing":"fbf44302-5ae1-43e9-9ac0-a5869d5d62b9"}}
{"id":12,"title":"do so fast ","description":"fastttt","priority":"Critical","status":"Todo","dueDate":"2025-06-28T11:44:00","createdAt":"2025-06-24T08:44:52.5359956","userId":"fbf44302-5ae1-43e9-9ac0-a5869d5d62b9","project":{"id":2,"name":"belal saad","description":"ccc","color":"#000000"},"comments":[],"searchContent":"do so fast  fastttt belal saad ","tags":["priority:critical","status:todo","project:belal saad"],"isOverdue":false,"isDeleted":false}
{"index":{"_id":13,"routing":"fbf44302-5ae1-43e9-9ac0-a5869d5d62b9"}}
{"id":13,"title":"test 55","description":"asdlsdngk;sd","priority":"Medium","status":"Todo","dueDate":"2025-06-30T12:58:00","createdAt":"2025-06-24T09:59:04.6568547","userId":"fbf44302-5ae1-43e9-9ac0-a5869d5d62b9","project":{"id":2,"name":"belal saad","description":"ccc","color":"#000000"},"comments":[],"searchContent":"test 55 asdlsdngk;sd belal saad ","tags":["priority:medium","status:todo","project:belal saad"],"isOverdue":false,"isDeleted":false}
{"index":{"_id":14,"routing":"fbf44302-5ae1-43e9-9ac0-a5869d5d62b9"}}
{"id":14,"title":"test 9","description":"qwdqwd","priority":"Critical","status":"Todo","dueDate":"2025-06-29T13:19:00","createdAt":"2025-06-24T10:19:39.1319414","userId":"fbf44302-5ae1-43e9-9ac0-a5869d5d62b9","comments":[],"searchContent":"test 9 qwdqwd  ","tags":["priority:critical","status:todo"],"isOverdue":false,"isDeleted":false}
{"index":{"_id":15,"routing":"fbf44302-5ae1-43e9-9ac0-a5869d5d62b9"}}
{"id":15,"title":"test 10","description":"asdsad","priority":"Critical","status":"Todo","dueDate":"2025-07-01T13:23:00","createdAt":"2025-06-24T10:23:20.3456135","userId":"fbf44302-5ae1-43e9-9ac0-a5869d5d62b9","project":{"id":2,"name":"belal saad","description":"ccc","color":"#000000"},"comments":[],"searchContent":"test 10 asdsad belal saad ","tags":["priority:critical","status:todo","project:belal saad"],"isOverdue":false,"isDeleted":false}
{"index":{"_id":16,"routing":"fbf44302-5ae1-43e9-9ac0-a5869d5d62b9"}}
{"id":16,"title":"elasticsearch test","description":"elasticsearch test","priority":"High","status":"Todo","dueDate":"2025-06-22T13:29:00","createdAt":"2025-06-24T10:29:24.3118403","userId":"fbf44302-5ae1-43e9-9ac0-a5869d5d62b9","project":{"id":3,"name":"Mohamed ANAS SAAD","description":"sdasdasd","color":"#df0707"},"comments":[],"searchContent":"elasticsearch test elasticsearch test Mohamed ANAS SAAD ","tags":["priority:high","status:todo","project:mohamed anas saad"],"isOverdue":true,"isDeleted":false}
{"index":{"_id":17,"routing":"fbf44302-5ae1-43e9-9ac0-a5869d5d62b9"}}
{"id":17,"title":"elasticsearch test 1","description":"elasticsearch test 2","priority":"Medium","status":"Todo","dueDate":"2025-07-03T13:43:00","createdAt":"2025-06-24T10:44:02.5406000","userId":"fbf44302-5ae1-43e9-9ac0-a5869d5d62b9","project":{"id":3,"name":"Mohamed ANAS SAAD","description":"sdasdasd","color":"#df0707"},"comments":[],"searchContent":"elasticsearch test 1 elasticsearch test 2 Mohamed ANAS SAAD ","tags":["priority:medium","status:todo","project:mohamed anas saad"],"isOverdue":false,"isDeleted":false}
{"index":{"_id":18,"routing":"fbf44302-5ae1-43e9-9ac0-a5869d5d62b9"}}
{"id":18,"title":"new FieldSort ","description":"adsad","priority":"Medium","status":"Todo","createdAt":"2025-06-24T12:02:37.1130010","userId":"fbf44302-5ae1-43e9-9ac0-a5869d5d62b9","project":{"id":3,"name":"Mohamed ANAS SAAD","description":"sdasdasd","color":"#df0707"},"comments":[],"searchContent":"new FieldSort  adsad Mohamed ANAS SAAD ","tags":["priority:medium","status:todo","project:mohamed anas saad"],"isOverdue":false,"isDeleted":false}
{"index":{"_id":19,"routing":"fbf44302-5ae1-43e9-9ac0-a5869d5d62b9"}}
{"id":19,"title":"asp","description":"asdasfdsvsdvcxsd","priority":"Medium","status":"Todo","createdAt":"2025-06-24T12:27:26.7004739","userId":"fbf44302-5ae1-43e9-9ac0-a5869d5d62b9","project":{"id":3,"name":"Mohamed ANAS SAAD","description":"sdasdasd","color":"#df0707"},"comments":[],"searchContent":"asp asdasfdsvsdvcxsd Mohamed ANAS SAAD ","tags":["priority:medium","status:todo","project:mohamed anas saad"],"isOverdue":false,"isDeleted":false}

📥 RESPONSE: {
  "took" : 24,
  "errors" : false,
  "items" : [
    {
      "index" : {
        "_index" : "taskmanager-2025-06",
        "_type" : "_doc",
        "_id" : "4",
        "_version" : 1,
        "result" : "created",
        "_shards" : {
          "total" : 1,
          "successful" : 1,
          "failed" : 0
        },
        "_seq_no" : 0,
        "_primary_term" : 1,
        "status" : 201
      }
    },
    {
      "index" : {
        "_index" : "taskmanager-2025-06",
        "_type" : "_doc",
        "_id" : "5",
        "_version" : 1,
        "result" : "created",
        "_shards" : {
          "total" : 1,
          "successful" : 1,
          "failed" : 0
        },
        "_seq_no" : 1,
        "_primary_term" : 1,
        "status" : 201
      }
    },
    {
      "index" : {
        "_index" : "taskmanager-2025-06",
        "_type" : "_doc",
        "_id" : "6",
        "_version" : 1,
        "result" : "created",
        "_shards" : {
          "total" : 1,
          "successful" : 1,
          "failed" : 0
        },
        "_seq_no" : 2,
        "_primary_term" : 1,
        "status" : 201
      }
    },
    {
      "index" : {
        "_index" : "taskmanager-2025-06",
        "_type" : "_doc",
        "_id" : "8",
        "_version" : 1,
        "result" : "created",
        "_shards" : {
          "total" : 1,
          "successful" : 1,
          "failed" : 0
        },
        "_seq_no" : 3,
        "_primary_term" : 1,
        "status" : 201
      }
    },
    {
      "index" : {
        "_index" : "taskmanager-2025-06",
        "_type" : "_doc",
        "_id" : "9",
        "_version" : 1,
        "result" : "created",
        "_shards" : {
          "total" : 1,
          "successful" : 1,
          "failed" : 0
        },
        "_seq_no" : 4,
        "_primary_term" : 1,
        "status" : 201
      }
    },
    {
      "index" : {
        "_index" : "taskmanager-2025-06",
        "_type" : "_doc",
        "_id" : "10",
        "_version" : 1,
        "result" : "created",
        "_shards" : {
          "total" : 1,
          "successful" : 1,
          "failed" : 0
        },
        "_seq_no" : 5,
        "_primary_term" : 1,
        "status" : 201
      }
    },
    {
      "index" : {
        "_index" : "taskmanager-2025-06",
        "_type" : "_doc",
        "_id" : "11",
        "_version" : 1,
        "result" : "created",
        "_shards" : {
          "total" : 1,
          "successful" : 1,
          "failed" : 0
        },
        "_seq_no" : 6,
        "_primary_term" : 1,
        "status" : 201
      }
    },
    {
      "index" : {
        "_index" : "taskmanager-2025-06",
        "_type" : "_doc",
        "_id" : "12",
        "_version" : 1,
        "result" : "created",
        "_shards" : {
          "total" : 1,
          "successful" : 1,
          "failed" : 0
        },
        "_seq_no" : 7,
        "_primary_term" : 1,
        "status" : 201
      }
    },
    {
      "index" : {
        "_index" : "taskmanager-2025-06",
        "_type" : "_doc",
        "_id" : "13",
        "_version" : 1,
        "result" : "created",
        "_shards" : {
          "total" : 1,
          "successful" : 1,
          "failed" : 0
        },
        "_seq_no" : 8,
        "_primary_term" : 1,
        "status" : 201
      }
    },
    {
      "index" : {
        "_index" : "taskmanager-2025-06",
        "_type" : "_doc",
        "_id" : "14",
        "_version" : 1,
        "result" : "created",
        "_shards" : {
          "total" : 1,
          "successful" : 1,
          "failed" : 0
        },
        "_seq_no" : 9,
        "_primary_term" : 1,
        "status" : 201
      }
    },
    {
      "index" : {
        "_index" : "taskmanager-2025-06",
        "_type" : "_doc",
        "_id" : "15",
        "_version" : 1,
        "result" : "created",
        "_shards" : {
          "total" : 1,
          "successful" : 1,
          "failed" : 0
        },
        "_seq_no" : 10,
        "_primary_term" : 1,
        "status" : 201
      }
    },
    {
      "index" : {
        "_index" : "taskmanager-2025-06",
        "_type" : "_doc",
        "_id" : "16",
        "_version" : 1,
        "result" : "created",
        "_shards" : {
          "total" : 1,
          "successful" : 1,
          "failed" : 0
        },
        "_seq_no" : 11,
        "_primary_term" : 1,
        "status" : 201
      }
    },
    {
      "index" : {
        "_index" : "taskmanager-2025-06",
        "_type" : "_doc",
        "_id" : "17",
        "_version" : 1,
        "result" : "created",
        "_shards" : {
          "total" : 1,
          "successful" : 1,
          "failed" : 0
        },
        "_seq_no" : 12,
        "_primary_term" : 1,
        "status" : 201
      }
    },
    {
      "index" : {
        "_index" : "taskmanager-2025-06",
        "_type" : "_doc",
        "_id" : "18",
        "_version" : 1,
        "result" : "created",
        "_shards" : {
          "total" : 1,
          "successful" : 1,
          "failed" : 0
        },
        "_seq_no" : 13,
        "_primary_term" : 1,
        "status" : 201
      }
    },
    {
      "index" : {
        "_index" : "taskmanager-2025-06",
        "_type" : "_doc",
        "_id" : "19",
        "_version" : 1,
        "result" : "created",
        "_shards" : {
          "total" : 1,
          "successful" : 1,
          "failed" : 0
        },
        "_seq_no" : 14,
        "_primary_term" : 1,
        "status" : 201
      }
    }
  ]
}

2025-06-24 16:00:10.848 +03:00 [INF] Successfully bulk indexed 15 tasks
2025-06-24 16:00:10.850 +03:00 [INF] Successfully synced 15 tasks to Elasticsearch
2025-06-24 16:02:01.981 +03:00 [INF] Server laptop-mg727ebl:14228:560404d4 caught stopping signal...
2025-06-24 16:02:01.984 +03:00 [INF] Application is shutting down...
2025-06-24 16:02:02.510 +03:00 [INF] Server laptop-mg727ebl:14228:560404d4 caught stopped signal...
2025-06-24 16:02:02.721 +03:00 [INF] Server laptop-mg727ebl:14228:560404d4 All dispatchers stopped
2025-06-24 16:02:02.726 +03:00 [INF] Server laptop-mg727ebl:14228:560404d4 successfully reported itself as stopped in 2.1655 ms
2025-06-24 16:02:02.728 +03:00 [INF] Server laptop-mg727ebl:14228:560404d4 has been stopped in total 743.9303 ms
2025-06-24 16:02:17.725 +03:00 [INF] Start installing Hangfire SQL objects...
2025-06-24 16:02:18.167 +03:00 [INF] Hangfire SQL objects installed.
2025-06-24 16:02:19.647 +03:00 [ERR] ❌ ES FAILED: "HEAD" "http://localhost:9200/?pretty=true"
📤 REQUEST: null
📥 RESPONSE: 
💥 ERROR: The client is unable to verify that the server is Elasticsearch due to an unsuccessful product check call. Some functionality may not be compatible if the server is running an unsupported product. Call: Status code unknown from: GET /?pretty=true
2025-06-24 16:02:19.655 +03:00 [INF] 🔗 Elasticsearch connection test: false
2025-06-24 16:02:19.890 +03:00 [INF] Now listening on: http://localhost:5086
2025-06-24 16:02:19.896 +03:00 [INF] Starting Hangfire Server using job storage: 'SQL Server: LAPTOP-MG727EBL\SQLEXPRESS@TaskManagerDB'
2025-06-24 16:02:19.898 +03:00 [INF] Using the following options for SQL Server job storage: Queue poll interval: 00:00:00.
2025-06-24 16:02:19.900 +03:00 [INF] Using the following options for Hangfire Server:
    Worker count: 20
    Listening queues: 'default'
    Shutdown timeout: 00:00:15
    Schedule polling interval: 00:00:15
2025-06-24 16:02:19.910 +03:00 [INF] Application started. Press Ctrl+C to shut down.
2025-06-24 16:02:19.912 +03:00 [INF] Hosting environment: Development
2025-06-24 16:02:19.913 +03:00 [INF] Content root path: B:\1\30\TaskManagerMVC\TaskManager.Web
2025-06-24 16:02:19.928 +03:00 [INF] Server laptop-mg727ebl:16380:25bb12b0 successfully announced in 9.8765 ms
2025-06-24 16:02:19.932 +03:00 [INF] Server laptop-mg727ebl:16380:25bb12b0 is starting the registered dispatchers: ServerWatchdog, ServerJobCancellationWatcher, SqlServerHeartbeatProcess, ExpirationManager, CountersAggregator, Worker, DelayedJobScheduler, RecurringJobScheduler...
2025-06-24 16:02:19.940 +03:00 [INF] Server laptop-mg727ebl:16380:25bb12b0 all the dispatchers started
2025-06-24 16:03:07.477 +03:00 [INF] Server laptop-mg727ebl:16380:25bb12b0 caught stopping signal...
2025-06-24 16:03:07.479 +03:00 [INF] Application is shutting down...
2025-06-24 16:03:07.996 +03:00 [INF] Server laptop-mg727ebl:16380:25bb12b0 caught stopped signal...
2025-06-24 16:03:08.259 +03:00 [INF] Server laptop-mg727ebl:16380:25bb12b0 All dispatchers stopped
2025-06-24 16:03:08.264 +03:00 [INF] Server laptop-mg727ebl:16380:25bb12b0 successfully reported itself as stopped in 2.5644 ms
2025-06-24 16:03:08.266 +03:00 [INF] Server laptop-mg727ebl:16380:25bb12b0 has been stopped in total 786.5442 ms
