2025-06-24 15:50:12.714 +03:00 [INF] Start installing Hangfire SQL objects...
2025-06-24 15:50:13.171 +03:00 [INF] Hangfire SQL objects installed.
2025-06-24 15:50:15.201 +03:00 [INF] Now listening on: http://localhost:5086
2025-06-24 15:50:15.213 +03:00 [INF] Starting Hangfire Server using job storage: 'SQL Server: LAPTOP-MG727EBL\SQLEXPRESS@TaskManagerDB'
2025-06-24 15:50:15.216 +03:00 [INF] Using the following options for SQL Server job storage: Queue poll interval: 00:00:00.
2025-06-24 15:50:15.218 +03:00 [INF] Using the following options for Hangfire Server:
    Worker count: 20
    Listening queues: 'default'
    Shutdown timeout: 00:00:15
    Schedule polling interval: 00:00:15
2025-06-24 15:50:15.235 +03:00 [INF] Application started. Press Ctrl+C to shut down.
2025-06-24 15:50:15.238 +03:00 [INF] Hosting environment: Development
2025-06-24 15:50:15.241 +03:00 [INF] Content root path: B:\1\30\TaskManagerMVC\TaskManager.Web
2025-06-24 15:50:15.257 +03:00 [INF] Server laptop-mg727ebl:11832:28f6065d successfully announced in 13.205 ms
2025-06-24 15:50:15.261 +03:00 [INF] Server laptop-mg727ebl:11832:28f6065d is starting the registered dispatchers: ServerWatchdog, ServerJobCancellationWatcher, SqlServerHeartbeatProcess, ExpirationManager, CountersAggregator, Worker, DelayedJobScheduler, RecurringJobScheduler...
2025-06-24 15:50:15.268 +03:00 [INF] Server laptop-mg727ebl:11832:28f6065d all the dispatchers started
2025-06-24 15:50:43.367 +03:00 [WRN] Failed to determine the https port for redirect.
2025-06-24 15:50:45.706 +03:00 [INF] Dashboard loaded for user fbf44302-5ae1-43e9-9ac0-a5869d5d62b9 in 2265ms
2025-06-24 15:50:45.953 +03:00 [INF] User fbf44302-5ae1-43e9-9ac0-a5869d5d62b9 connected to notifications hub
2025-06-24 15:50:48.175 +03:00 [INF] User fbf44302-5ae1-43e9-9ac0-a5869d5d62b9 disconnected from notifications hub
2025-06-24 15:50:48.221 +03:00 [INF] User fbf44302-5ae1-43e9-9ac0-a5869d5d62b9 connected to notifications hub
2025-06-24 15:51:36.244 +03:00 [INF] User fbf44302-5ae1-43e9-9ac0-a5869d5d62b9 disconnected from notifications hub
2025-06-24 15:52:20.644 +03:00 [INF] Server laptop-mg727ebl:11832:28f6065d caught stopping signal...
2025-06-24 15:52:20.647 +03:00 [INF] Application is shutting down...
2025-06-24 15:52:21.169 +03:00 [INF] Server laptop-mg727ebl:11832:28f6065d caught stopped signal...
2025-06-24 15:52:21.248 +03:00 [INF] Server laptop-mg727ebl:11832:28f6065d All dispatchers stopped
2025-06-24 15:52:21.256 +03:00 [INF] Server laptop-mg727ebl:11832:28f6065d successfully reported itself as stopped in 4.1659 ms
2025-06-24 15:52:21.258 +03:00 [INF] Server laptop-mg727ebl:11832:28f6065d has been stopped in total 611.423 ms
2025-06-24 15:53:00.747 +03:00 [INF] Start installing Hangfire SQL objects...
2025-06-24 15:53:01.309 +03:00 [INF] Hangfire SQL objects installed.
2025-06-24 15:53:02.782 +03:00 [INF] Now listening on: http://localhost:5086
2025-06-24 15:53:02.792 +03:00 [INF] Starting Hangfire Server using job storage: 'SQL Server: LAPTOP-MG727EBL\SQLEXPRESS@TaskManagerDB'
2025-06-24 15:53:02.794 +03:00 [INF] Using the following options for SQL Server job storage: Queue poll interval: 00:00:00.
2025-06-24 15:53:02.795 +03:00 [INF] Using the following options for Hangfire Server:
    Worker count: 20
    Listening queues: 'default'
    Shutdown timeout: 00:00:15
    Schedule polling interval: 00:00:15
2025-06-24 15:53:02.806 +03:00 [INF] Application started. Press Ctrl+C to shut down.
2025-06-24 15:53:02.808 +03:00 [INF] Hosting environment: Development
2025-06-24 15:53:02.810 +03:00 [INF] Content root path: B:\1\30\TaskManagerMVC\TaskManager.Web
2025-06-24 15:53:02.823 +03:00 [INF] Server laptop-mg727ebl:27720:f87dee7a successfully announced in 9.9608 ms
2025-06-24 15:53:02.826 +03:00 [INF] Server laptop-mg727ebl:27720:f87dee7a is starting the registered dispatchers: ServerWatchdog, ServerJobCancellationWatcher, SqlServerHeartbeatProcess, ExpirationManager, CountersAggregator, Worker, DelayedJobScheduler, RecurringJobScheduler...
2025-06-24 15:53:02.832 +03:00 [INF] Server laptop-mg727ebl:27720:f87dee7a all the dispatchers started
2025-06-24 15:54:12.925 +03:00 [INF] Server laptop-mg727ebl:27720:f87dee7a caught stopping signal...
2025-06-24 15:54:12.928 +03:00 [INF] Application is shutting down...
2025-06-24 15:54:13.282 +03:00 [INF] Server laptop-mg727ebl:27720:f87dee7a All dispatchers stopped
2025-06-24 15:54:13.289 +03:00 [INF] Server laptop-mg727ebl:27720:f87dee7a successfully reported itself as stopped in 4.3029 ms
2025-06-24 15:54:13.291 +03:00 [INF] Server laptop-mg727ebl:27720:f87dee7a has been stopped in total 363.325 ms
