2025-06-24 16:13:31.301 +03:00 [INF] Start installing Hangfire SQL objects...
2025-06-24 16:13:31.699 +03:00 [INF] Hangfire SQL objects installed.
2025-06-24 16:13:33.075 +03:00 [INF] ✅ ES SUCCESS: "GET" "http://localhost:9200/_cluster/health?pretty=true"
📤 REQUEST: null
📥 RESPONSE: {
  "cluster_name" : "docker-cluster",
  "status" : "green",
  "timed_out" : false,
  "number_of_nodes" : 1,
  "number_of_data_nodes" : 1,
  "active_primary_shards" : 0,
  "active_shards" : 0,
  "relocating_shards" : 0,
  "initializing_shards" : 0,
  "unassigned_shards" : 0,
  "delayed_unassigned_shards" : 0,
  "number_of_pending_tasks" : 0,
  "number_of_in_flight_fetch" : 0,
  "task_max_waiting_in_queue_millis" : 0,
  "active_shards_percent_as_number" : 100.0
}

2025-06-24 16:13:33.082 +03:00 [INF] 🔗 Elasticsearch connection test: true - Cluster Status: "Green"
2025-06-24 16:13:33.094 +03:00 [INF] ✅ ES SUCCESS: "HEAD" "http://localhost:9200/taskmanager-2025-06?pretty=true"
📤 REQUEST: null
📥 RESPONSE: null
2025-06-24 16:13:33.102 +03:00 [INF] ✅ ES SUCCESS: "HEAD" "http://localhost:9200/taskmanager-2025-06?pretty=true"
📤 REQUEST: null
📥 RESPONSE: null
2025-06-24 16:13:33.447 +03:00 [INF] ✅ ES SUCCESS: "PUT" "http://localhost:9200/taskmanager-2025-06?pretty=true"
📤 REQUEST: {"mappings":{"properties":{"id":{"type":"integer"},"title":{"analyzer":"standard","type":"text"},"description":{"analyzer":"standard","type":"text"},"priority":{"type":"keyword"},"status":{"type":"keyword"},"dueDate":{"type":"date"},"createdAt":{"type":"date"},"completedAt":{"type":"date"},"userId":{"type":"keyword"},"project":{"properties":{"id":{"type":"integer"},"name":{"analyzer":"standard","type":"text"},"description":{"analyzer":"standard","type":"text"},"color":{"type":"keyword"}},"type":"nested"},"comments":{"properties":{"id":{"type":"integer"},"content":{"analyzer":"standard","type":"text"},"createdAt":{"type":"date"},"userId":{"type":"keyword"}},"type":"nested"},"searchContent":{"analyzer":"task_analyzer","type":"text"},"tags":{"type":"keyword"},"isOverdue":{"type":"boolean"},"isDeleted":{"type":"boolean"}}},"settings":{"index.number_of_replicas":0,"analysis":{"analyzer":{"task_analyzer":{"filter":["lowercase","stop","stemmer"],"tokenizer":"standard","type":"custom"}}},"index.number_of_shards":1}}
📥 RESPONSE: {
  "acknowledged" : true,
  "shards_acknowledged" : true,
  "index" : "taskmanager-2025-06"
}

2025-06-24 16:13:33.452 +03:00 [INF] Successfully created index taskmanager-2025-06
2025-06-24 16:13:33.622 +03:00 [INF] Now listening on: http://localhost:5086
2025-06-24 16:13:33.628 +03:00 [INF] Starting Hangfire Server using job storage: 'SQL Server: LAPTOP-MG727EBL\SQLEXPRESS@TaskManagerDB'
2025-06-24 16:13:33.629 +03:00 [INF] Using the following options for SQL Server job storage: Queue poll interval: 00:00:00.
2025-06-24 16:13:33.631 +03:00 [INF] Using the following options for Hangfire Server:
    Worker count: 20
    Listening queues: 'default'
    Shutdown timeout: 00:00:15
    Schedule polling interval: 00:00:15
2025-06-24 16:13:33.640 +03:00 [INF] Application started. Press Ctrl+C to shut down.
2025-06-24 16:13:33.642 +03:00 [INF] Hosting environment: Development
2025-06-24 16:13:33.643 +03:00 [INF] Content root path: B:\1\30\TaskManagerMVC\TaskManager.Web
2025-06-24 16:13:33.656 +03:00 [INF] Server laptop-mg727ebl:10320:022a6055 successfully announced in 9.9699 ms
2025-06-24 16:13:33.660 +03:00 [INF] Server laptop-mg727ebl:10320:022a6055 is starting the registered dispatchers: ServerWatchdog, ServerJobCancellationWatcher, SqlServerHeartbeatProcess, ExpirationManager, CountersAggregator, Worker, DelayedJobScheduler, RecurringJobScheduler...
2025-06-24 16:13:33.665 +03:00 [INF] Server laptop-mg727ebl:10320:022a6055 all the dispatchers started
2025-06-24 16:13:52.884 +03:00 [WRN] Failed to determine the https port for redirect.
2025-06-24 16:13:55.363 +03:00 [INF] Dashboard loaded for user fbf44302-5ae1-43e9-9ac0-a5869d5d62b9 in 2239ms
2025-06-24 16:13:55.606 +03:00 [INF] User fbf44302-5ae1-43e9-9ac0-a5869d5d62b9 connected to notifications hub
2025-06-24 16:13:58.995 +03:00 [INF] User fbf44302-5ae1-43e9-9ac0-a5869d5d62b9 disconnected from notifications hub
2025-06-24 16:13:59.242 +03:00 [INF] User fbf44302-5ae1-43e9-9ac0-a5869d5d62b9 connected to notifications hub
2025-06-24 16:14:01.561 +03:00 [INF] ✅ ES SUCCESS: "GET" "http://localhost:9200/_cluster/health?pretty=true"
📤 REQUEST: null
📥 RESPONSE: {
  "cluster_name" : "docker-cluster",
  "status" : "green",
  "timed_out" : false,
  "number_of_nodes" : 1,
  "number_of_data_nodes" : 1,
  "active_primary_shards" : 2,
  "active_shards" : 2,
  "relocating_shards" : 0,
  "initializing_shards" : 0,
  "unassigned_shards" : 0,
  "delayed_unassigned_shards" : 0,
  "number_of_pending_tasks" : 0,
  "number_of_in_flight_fetch" : 0,
  "task_max_waiting_in_queue_millis" : 0,
  "active_shards_percent_as_number" : 100.0
}

2025-06-24 16:14:01.565 +03:00 [INF] 🔗 Elasticsearch connection test: true - Cluster Status: "Green"
2025-06-24 16:14:03.865 +03:00 [INF] ✅ ES SUCCESS: "HEAD" "http://localhost:9200/taskmanager-2025-06?pretty=true"
📤 REQUEST: null
📥 RESPONSE: null
2025-06-24 16:14:05.954 +03:00 [INF] 🔍 DEBUG: Getting all tasks for user fbf44302-5ae1-43e9-9ac0-a5869d5d62b9 from index taskmanager-2025-06
2025-06-24 16:14:06.029 +03:00 [INF] ✅ ES SUCCESS: "POST" "http://localhost:9200/taskmanager-2025-06/_search?pretty=true&typed_keys=true"
📤 REQUEST: {"query":{"match_all":{}},"size":100}
📥 RESPONSE: {
  "took" : 3,
  "timed_out" : false,
  "_shards" : {
    "total" : 1,
    "successful" : 1,
    "skipped" : 0,
    "failed" : 0
  },
  "hits" : {
    "total" : {
      "value" : 0,
      "relation" : "eq"
    },
    "max_score" : null,
    "hits" : [ ]
  }
}

2025-06-24 16:14:06.035 +03:00 [INF] 🔍 DEBUG: Raw match-all query returned 0 total documents
2025-06-24 16:14:06.037 +03:00 [INF] 🔍 DEBUG: Found 0 non-deleted tasks for user fbf44302-5ae1-43e9-9ac0-a5869d5d62b9
2025-06-24 16:14:12.961 +03:00 [INF] Testing simple search with query: 'asp' for user: 'fbf44302-5ae1-43e9-9ac0-a5869d5d62b9'
2025-06-24 16:14:12.964 +03:00 [INF] 🔍 SEARCH: Query='asp', UserId='fbf44302-5ae1-43e9-9ac0-a5869d5d62b9', Page=1
2025-06-24 16:14:13.046 +03:00 [INF] ✅ ES SUCCESS: "POST" "http://localhost:9200/taskmanager-2025-06/_search?pretty=true&typed_keys=true"
📤 REQUEST: {"from":0,"query":{"bool":{"must":[{"term":{"userId":{"value":"fbf44302-5ae1-43e9-9ac0-a5869d5d62b9"}}},{"term":{"isDeleted":{"value":false}}},{"bool":{"minimum_should_match":1,"should":[{"match":{"title":{"query":"asp","boost":3.0}}},{"match":{"description":{"query":"asp","boost":2.0}}},{"match":{"searchContent":{"query":"asp","boost":1.0}}}]}}]}},"size":20,"sort":[{"_score":{"order":"desc"}},{"createdAt":{"order":"desc"}}]}
📥 RESPONSE: {
  "took" : 16,
  "timed_out" : false,
  "_shards" : {
    "total" : 1,
    "successful" : 1,
    "skipped" : 0,
    "failed" : 0
  },
  "hits" : {
    "total" : {
      "value" : 0,
      "relation" : "eq"
    },
    "max_score" : null,
    "hits" : [ ]
  }
}

2025-06-24 16:14:13.051 +03:00 [INF] 🔍 SEARCH RESULT: IsValid=true, Total=0, Count=0, Took=16ms
2025-06-24 16:14:26.895 +03:00 [INF] User fbf44302-5ae1-43e9-9ac0-a5869d5d62b9 disconnected from notifications hub
2025-06-24 16:14:26.949 +03:00 [INF] User fbf44302-5ae1-43e9-9ac0-a5869d5d62b9 connected to notifications hub
2025-06-24 16:14:37.018 +03:00 [INF] User fbf44302-5ae1-43e9-9ac0-a5869d5d62b9 disconnected from notifications hub
2025-06-24 16:14:37.085 +03:00 [INF] User fbf44302-5ae1-43e9-9ac0-a5869d5d62b9 connected to notifications hub
2025-06-24 16:14:45.460 +03:00 [INF] ✅ ES SUCCESS: "PUT" "http://localhost:9200/taskmanager-2025-06/_doc/20?pretty=true"
📤 REQUEST: {"id":20,"title":"asp","description":"aspd21d","priority":"Medium","status":"Todo","createdAt":"2025-06-24T13:14:45.2703680Z","userId":"fbf44302-5ae1-43e9-9ac0-a5869d5d62b9","comments":[],"searchContent":"asp aspd21d  ","tags":["priority:medium","status:todo"],"isOverdue":false,"isDeleted":false}
📥 RESPONSE: {
  "_index" : "taskmanager-2025-06",
  "_type" : "_doc",
  "_id" : "20",
  "_version" : 1,
  "result" : "created",
  "_shards" : {
    "total" : 1,
    "successful" : 1,
    "failed" : 0
  },
  "_seq_no" : 0,
  "_primary_term" : 1
}

2025-06-24 16:14:45.465 +03:00 [INF] Task created: 20 by user fbf44302-5ae1-43e9-9ac0-a5869d5d62b9
2025-06-24 16:14:45.493 +03:00 [INF] Notification created for user fbf44302-5ae1-43e9-9ac0-a5869d5d62b9: Task Created ✅
2025-06-24 16:14:45.495 +03:00 [INF] Task asp created for user fbf44302-5ae1-43e9-9ac0-a5869d5d62b9
2025-06-24 16:14:47.685 +03:00 [INF] User fbf44302-5ae1-43e9-9ac0-a5869d5d62b9 disconnected from notifications hub
2025-06-24 16:14:47.749 +03:00 [INF] User fbf44302-5ae1-43e9-9ac0-a5869d5d62b9 connected to notifications hub
2025-06-24 16:14:51.727 +03:00 [INF] User fbf44302-5ae1-43e9-9ac0-a5869d5d62b9 disconnected from notifications hub
2025-06-24 16:14:51.782 +03:00 [INF] User fbf44302-5ae1-43e9-9ac0-a5869d5d62b9 connected to notifications hub
2025-06-24 16:14:54.151 +03:00 [INF] Testing simple search with query: 'asp' for user: 'fbf44302-5ae1-43e9-9ac0-a5869d5d62b9'
2025-06-24 16:14:54.154 +03:00 [INF] 🔍 SEARCH: Query='asp', UserId='fbf44302-5ae1-43e9-9ac0-a5869d5d62b9', Page=1
2025-06-24 16:14:54.378 +03:00 [INF] ✅ ES SUCCESS: "POST" "http://localhost:9200/taskmanager-2025-06/_search?pretty=true&typed_keys=true"
📤 REQUEST: {"from":0,"query":{"bool":{"must":[{"term":{"userId":{"value":"fbf44302-5ae1-43e9-9ac0-a5869d5d62b9"}}},{"term":{"isDeleted":{"value":false}}},{"bool":{"minimum_should_match":1,"should":[{"match":{"title":{"query":"asp","boost":3.0}}},{"match":{"description":{"query":"asp","boost":2.0}}},{"match":{"searchContent":{"query":"asp","boost":1.0}}}]}}]}},"size":20,"sort":[{"_score":{"order":"desc"}},{"createdAt":{"order":"desc"}}]}
📥 RESPONSE: {
  "took" : 186,
  "timed_out" : false,
  "_shards" : {
    "total" : 1,
    "successful" : 1,
    "skipped" : 0,
    "failed" : 0
  },
  "hits" : {
    "total" : {
      "value" : 1,
      "relation" : "eq"
    },
    "max_score" : null,
    "hits" : [
      {
        "_index" : "taskmanager-2025-06",
        "_type" : "_doc",
        "_id" : "20",
        "_score" : 1.7260926,
        "_source" : {
          "id" : 20,
          "title" : "asp",
          "description" : "aspd21d",
          "priority" : "Medium",
          "status" : "Todo",
          "createdAt" : "2025-06-24T13:14:45.2703680Z",
          "userId" : "fbf44302-5ae1-43e9-9ac0-a5869d5d62b9",
          "comments" : [ ],
          "searchContent" : "asp aspd21d  ",
          "tags" : [
            "priority:medium",
            "status:todo"
          ],
          "isOverdue" : false,
          "isDeleted" : false
        },
        "sort" : [
          1.7260926,
          1750770885270
        ]
      }
    ]
  }
}

2025-06-24 16:14:54.384 +03:00 [INF] 🔍 SEARCH RESULT: IsValid=true, Total=1, Count=1, Took=186ms
2025-06-24 16:15:01.192 +03:00 [INF] User fbf44302-5ae1-43e9-9ac0-a5869d5d62b9 disconnected from notifications hub
2025-06-24 16:15:01.232 +03:00 [INF] User fbf44302-5ae1-43e9-9ac0-a5869d5d62b9 connected to notifications hub
2025-06-24 16:15:03.690 +03:00 [INF] ✅ ES SUCCESS: "POST" "http://localhost:9200/taskmanager-2025-06/_search?pretty=true&typed_keys=true"
📤 REQUEST: {"query":{"bool":{"must":[{"term":{"userId":{"value":"fbf44302-5ae1-43e9-9ac0-a5869d5d62b9"}}},{"term":{"isDeleted":{"value":false}}},{"wildcard":{"title":{"value":"*asp*"}}}]}},"size":10,"_source":{"includes":["title"]}}
📥 RESPONSE: {
  "took" : 10,
  "timed_out" : false,
  "_shards" : {
    "total" : 1,
    "successful" : 1,
    "skipped" : 0,
    "failed" : 0
  },
  "hits" : {
    "total" : {
      "value" : 1,
      "relation" : "eq"
    },
    "max_score" : 1.5753641,
    "hits" : [
      {
        "_index" : "taskmanager-2025-06",
        "_type" : "_doc",
        "_id" : "20",
        "_score" : 1.5753641,
        "_source" : {
          "title" : "asp"
        }
      }
    ]
  }
}

2025-06-24 16:15:05.051 +03:00 [INF] 🔍 SEARCH: Query='asp', UserId='fbf44302-5ae1-43e9-9ac0-a5869d5d62b9', Page=1
2025-06-24 16:15:05.110 +03:00 [INF] ✅ ES SUCCESS: "POST" "http://localhost:9200/taskmanager-2025-06/_search?pretty=true&typed_keys=true"
📤 REQUEST: {"from":0,"query":{"bool":{"must":[{"term":{"userId":{"value":"fbf44302-5ae1-43e9-9ac0-a5869d5d62b9"}}},{"term":{"isDeleted":{"value":false}}},{"bool":{"minimum_should_match":1,"should":[{"match":{"title":{"query":"asp","boost":3.0}}},{"match":{"description":{"query":"asp","boost":2.0}}},{"match":{"searchContent":{"query":"asp","boost":1.0}}}]}}]}},"size":20,"sort":[{"_score":{"order":"desc"}},{"createdAt":{"order":"desc"}}]}
📥 RESPONSE: {
  "took" : 5,
  "timed_out" : false,
  "_shards" : {
    "total" : 1,
    "successful" : 1,
    "skipped" : 0,
    "failed" : 0
  },
  "hits" : {
    "total" : {
      "value" : 1,
      "relation" : "eq"
    },
    "max_score" : null,
    "hits" : [
      {
        "_index" : "taskmanager-2025-06",
        "_type" : "_doc",
        "_id" : "20",
        "_score" : 1.7260926,
        "_source" : {
          "id" : 20,
          "title" : "asp",
          "description" : "aspd21d",
          "priority" : "Medium",
          "status" : "Todo",
          "createdAt" : "2025-06-24T13:14:45.2703680Z",
          "userId" : "fbf44302-5ae1-43e9-9ac0-a5869d5d62b9",
          "comments" : [ ],
          "searchContent" : "asp aspd21d  ",
          "tags" : [
            "priority:medium",
            "status:todo"
          ],
          "isOverdue" : false,
          "isDeleted" : false
        },
        "sort" : [
          1.7260926,
          1750770885270
        ]
      }
    ]
  }
}

2025-06-24 16:15:05.116 +03:00 [INF] 🔍 SEARCH RESULT: IsValid=true, Total=1, Count=1, Took=5ms
2025-06-24 16:15:05.126 +03:00 [INF] User fbf44302-5ae1-43e9-9ac0-a5869d5d62b9 disconnected from notifications hub
2025-06-24 16:15:05.186 +03:00 [INF] User fbf44302-5ae1-43e9-9ac0-a5869d5d62b9 connected to notifications hub
2025-06-24 16:19:46.646 +03:00 [INF] User fbf44302-5ae1-43e9-9ac0-a5869d5d62b9 disconnected from notifications hub
2025-06-24 16:19:46.695 +03:00 [INF] User fbf44302-5ae1-43e9-9ac0-a5869d5d62b9 connected to notifications hub
2025-06-24 16:19:48.136 +03:00 [INF] ✅ ES SUCCESS: "HEAD" "http://localhost:9200/taskmanager-2025-06?pretty=true"
📤 REQUEST: null
📥 RESPONSE: null
2025-06-24 16:19:52.008 +03:00 [INF] 🔍 DEBUG: Getting all tasks for user fbf44302-5ae1-43e9-9ac0-a5869d5d62b9 from index taskmanager-2025-06
2025-06-24 16:19:52.044 +03:00 [INF] ✅ ES SUCCESS: "POST" "http://localhost:9200/taskmanager-2025-06/_search?pretty=true&typed_keys=true"
📤 REQUEST: {"query":{"match_all":{}},"size":100}
📥 RESPONSE: {
  "took" : 2,
  "timed_out" : false,
  "_shards" : {
    "total" : 1,
    "successful" : 1,
    "skipped" : 0,
    "failed" : 0
  },
  "hits" : {
    "total" : {
      "value" : 1,
      "relation" : "eq"
    },
    "max_score" : 1.0,
    "hits" : [
      {
        "_index" : "taskmanager-2025-06",
        "_type" : "_doc",
        "_id" : "20",
        "_score" : 1.0,
        "_source" : {
          "id" : 20,
          "title" : "asp",
          "description" : "aspd21d",
          "priority" : "Medium",
          "status" : "Todo",
          "createdAt" : "2025-06-24T13:14:45.2703680Z",
          "userId" : "fbf44302-5ae1-43e9-9ac0-a5869d5d62b9",
          "comments" : [ ],
          "searchContent" : "asp aspd21d  ",
          "tags" : [
            "priority:medium",
            "status:todo"
          ],
          "isOverdue" : false,
          "isDeleted" : false
        }
      }
    ]
  }
}

2025-06-24 16:19:52.050 +03:00 [INF] 🔍 DEBUG: Raw match-all query returned 1 total documents
2025-06-24 16:19:52.051 +03:00 [INF] 🔍 DEBUG: Document - Id=20, Title='asp', UserId='fbf44302-5ae1-43e9-9ac0-a5869d5d62b9', IsDeleted=false, Status='Todo'
2025-06-24 16:19:52.054 +03:00 [INF] 🔍 DEBUG: Found 1 non-deleted tasks for user fbf44302-5ae1-43e9-9ac0-a5869d5d62b9
2025-06-24 16:19:59.394 +03:00 [INF] 🔍 SEARCH: Query='', UserId='fbf44302-5ae1-43e9-9ac0-a5869d5d62b9', Page=1
2025-06-24 16:19:59.431 +03:00 [INF] ✅ ES SUCCESS: "POST" "http://localhost:9200/taskmanager-2025-06/_search?pretty=true&typed_keys=true"
📤 REQUEST: {"from":0,"query":{"bool":{"must":[{"term":{"userId":{"value":"fbf44302-5ae1-43e9-9ac0-a5869d5d62b9"}}},{"term":{"isDeleted":{"value":false}}}]}},"size":20,"sort":[{"_score":{"order":"desc"}},{"createdAt":{"order":"desc"}}]}
📥 RESPONSE: {
  "took" : 3,
  "timed_out" : false,
  "_shards" : {
    "total" : 1,
    "successful" : 1,
    "skipped" : 0,
    "failed" : 0
  },
  "hits" : {
    "total" : {
      "value" : 1,
      "relation" : "eq"
    },
    "max_score" : null,
    "hits" : [
      {
        "_index" : "taskmanager-2025-06",
        "_type" : "_doc",
        "_id" : "20",
        "_score" : 0.5753642,
        "_source" : {
          "id" : 20,
          "title" : "asp",
          "description" : "aspd21d",
          "priority" : "Medium",
          "status" : "Todo",
          "createdAt" : "2025-06-24T13:14:45.2703680Z",
          "userId" : "fbf44302-5ae1-43e9-9ac0-a5869d5d62b9",
          "comments" : [ ],
          "searchContent" : "asp aspd21d  ",
          "tags" : [
            "priority:medium",
            "status:todo"
          ],
          "isOverdue" : false,
          "isDeleted" : false
        },
        "sort" : [
          0.5753642,
          1750770885270
        ]
      }
    ]
  }
}

2025-06-24 16:19:59.437 +03:00 [INF] 🔍 SEARCH RESULT: IsValid=true, Total=1, Count=1, Took=3ms
2025-06-24 16:20:09.866 +03:00 [INF] ✅ ES SUCCESS: "GET" "http://localhost:9200/_cluster/health?pretty=true"
📤 REQUEST: null
📥 RESPONSE: {
  "cluster_name" : "docker-cluster",
  "status" : "green",
  "timed_out" : false,
  "number_of_nodes" : 1,
  "number_of_data_nodes" : 1,
  "active_primary_shards" : 2,
  "active_shards" : 2,
  "relocating_shards" : 0,
  "initializing_shards" : 0,
  "unassigned_shards" : 0,
  "delayed_unassigned_shards" : 0,
  "number_of_pending_tasks" : 0,
  "number_of_in_flight_fetch" : 0,
  "task_max_waiting_in_queue_millis" : 0,
  "active_shards_percent_as_number" : 100.0
}

2025-06-24 16:20:09.870 +03:00 [INF] 🔗 Elasticsearch connection test: true - Cluster Status: "Green"
2025-06-24 17:00:05.549 +03:00 [INF] Starting Elasticsearch sync job
2025-06-24 17:00:05.567 +03:00 [INF] ✅ ES SUCCESS: "HEAD" "http://localhost:9200/taskmanager-2025-06?pretty=true"
📤 REQUEST: null
📥 RESPONSE: null
2025-06-24 17:00:05.714 +03:00 [INF] ✅ ES SUCCESS: "POST" "http://localhost:9200/taskmanager-2025-06/_bulk?pretty=true"
📤 REQUEST: {"index":{"_id":4,"routing":"fbf44302-5ae1-43e9-9ac0-a5869d5d62b9"}}
{"id":4,"title":"Running Club 1 Edit","description":"qqqqqq","priority":"Medium","status":"Todo","dueDate":"2025-06-07T10:56:00","createdAt":"2025-06-23T07:56:50.4438436","userId":"fbf44302-5ae1-43e9-9ac0-a5869d5d62b9","project":{"id":2,"name":"belal saad","description":"ccc","color":"#000000"},"comments":[],"searchContent":"Running Club 1 Edit qqqqqq belal saad ","tags":["priority:medium","status:todo","project:belal saad"],"isOverdue":true,"isDeleted":false}
{"index":{"_id":5,"routing":"fbf44302-5ae1-43e9-9ac0-a5869d5d62b9"}}
{"id":5,"title":"siiiiiiiiiiiiii","description":"siiiiiiiiiii","priority":"Critical","status":"Todo","dueDate":"2025-06-23T12:55:00","createdAt":"2025-06-23T09:52:43.4288273","userId":"fbf44302-5ae1-43e9-9ac0-a5869d5d62b9","project":{"id":2,"name":"belal saad","description":"ccc","color":"#000000"},"comments":[],"searchContent":"siiiiiiiiiiiiii siiiiiiiiiii belal saad ","tags":["priority:critical","status:todo","project:belal saad"],"isOverdue":true,"isDeleted":false}
{"index":{"_id":6,"routing":"fbf44302-5ae1-43e9-9ac0-a5869d5d62b9"}}
{"id":6,"title":"toto","description":"dafa","priority":"Medium","status":"Todo","dueDate":"2025-06-07T15:31:00","createdAt":"2025-06-23T12:31:08.0020957","userId":"fbf44302-5ae1-43e9-9ac0-a5869d5d62b9","project":{"id":3,"name":"Mohamed ANAS SAAD","description":"sdasdasd","color":"#df0707"},"comments":[],"searchContent":"toto dafa Mohamed ANAS SAAD ","tags":["priority:medium","status:todo","project:mohamed anas saad"],"isOverdue":true,"isDeleted":false}
{"index":{"_id":8,"routing":"fbf44302-5ae1-43e9-9ac0-a5869d5d62b9"}}
{"id":8,"title":"totoppppp","description":"fasafdac","priority":"High","status":"Todo","dueDate":"2025-06-26T11:08:00","createdAt":"2025-06-24T08:08:47.2005384","userId":"fbf44302-5ae1-43e9-9ac0-a5869d5d62b9","project":{"id":2,"name":"belal saad","description":"ccc","color":"#000000"},"comments":[],"searchContent":"totoppppp fasafdac belal saad ","tags":["priority:high","status:todo","project:belal saad"],"isOverdue":false,"isDeleted":false}
{"index":{"_id":9,"routing":"fbf44302-5ae1-43e9-9ac0-a5869d5d62b9"}}
{"id":9,"title":"gg","description":"nice game","priority":"Low","status":"Todo","dueDate":"2025-06-18T11:17:00","createdAt":"2025-06-24T08:17:27.8163927","userId":"fbf44302-5ae1-43e9-9ac0-a5869d5d62b9","project":{"id":3,"name":"Mohamed ANAS SAAD","description":"sdasdasd","color":"#df0707"},"comments":[],"searchContent":"gg nice game Mohamed ANAS SAAD ","tags":["priority:low","status:todo","project:mohamed anas saad"],"isOverdue":true,"isDeleted":false}
{"index":{"_id":10,"routing":"fbf44302-5ae1-43e9-9ac0-a5869d5d62b9"}}
{"id":10,"title":"not gg","description":"not good game","priority":"Medium","status":"Todo","dueDate":"2025-06-27T11:19:00","createdAt":"2025-06-24T08:19:47.9170723","userId":"fbf44302-5ae1-43e9-9ac0-a5869d5d62b9","project":{"id":2,"name":"belal saad","description":"ccc","color":"#000000"},"comments":[],"searchContent":"not gg not good game belal saad ","tags":["priority:medium","status:todo","project:belal saad"],"isOverdue":false,"isDeleted":false}
{"index":{"_id":11,"routing":"fbf44302-5ae1-43e9-9ac0-a5869d5d62b9"}}
{"id":11,"title":"bilal","description":"asdasd","priority":"High","status":"Todo","dueDate":"2025-06-12T00:00:00","createdAt":"2025-06-24T08:36:11.0621349","userId":"fbf44302-5ae1-43e9-9ac0-a5869d5d62b9","comments":[],"searchContent":"bilal asdasd  ","tags":["priority:high","status:todo"],"isOverdue":true,"isDeleted":false}
{"index":{"_id":12,"routing":"fbf44302-5ae1-43e9-9ac0-a5869d5d62b9"}}
{"id":12,"title":"do so fast ","description":"fastttt","priority":"Critical","status":"Todo","dueDate":"2025-06-28T11:44:00","createdAt":"2025-06-24T08:44:52.5359956","userId":"fbf44302-5ae1-43e9-9ac0-a5869d5d62b9","project":{"id":2,"name":"belal saad","description":"ccc","color":"#000000"},"comments":[],"searchContent":"do so fast  fastttt belal saad ","tags":["priority:critical","status:todo","project:belal saad"],"isOverdue":false,"isDeleted":false}
{"index":{"_id":13,"routing":"fbf44302-5ae1-43e9-9ac0-a5869d5d62b9"}}
{"id":13,"title":"test 55","description":"asdlsdngk;sd","priority":"Medium","status":"Todo","dueDate":"2025-06-30T12:58:00","createdAt":"2025-06-24T09:59:04.6568547","userId":"fbf44302-5ae1-43e9-9ac0-a5869d5d62b9","project":{"id":2,"name":"belal saad","description":"ccc","color":"#000000"},"comments":[],"searchContent":"test 55 asdlsdngk;sd belal saad ","tags":["priority:medium","status:todo","project:belal saad"],"isOverdue":false,"isDeleted":false}
{"index":{"_id":14,"routing":"fbf44302-5ae1-43e9-9ac0-a5869d5d62b9"}}
{"id":14,"title":"test 9","description":"qwdqwd","priority":"Critical","status":"Todo","dueDate":"2025-06-29T13:19:00","createdAt":"2025-06-24T10:19:39.1319414","userId":"fbf44302-5ae1-43e9-9ac0-a5869d5d62b9","comments":[],"searchContent":"test 9 qwdqwd  ","tags":["priority:critical","status:todo"],"isOverdue":false,"isDeleted":false}
{"index":{"_id":15,"routing":"fbf44302-5ae1-43e9-9ac0-a5869d5d62b9"}}
{"id":15,"title":"test 10","description":"asdsad","priority":"Critical","status":"Todo","dueDate":"2025-07-01T13:23:00","createdAt":"2025-06-24T10:23:20.3456135","userId":"fbf44302-5ae1-43e9-9ac0-a5869d5d62b9","project":{"id":2,"name":"belal saad","description":"ccc","color":"#000000"},"comments":[],"searchContent":"test 10 asdsad belal saad ","tags":["priority:critical","status:todo","project:belal saad"],"isOverdue":false,"isDeleted":false}
{"index":{"_id":16,"routing":"fbf44302-5ae1-43e9-9ac0-a5869d5d62b9"}}
{"id":16,"title":"elasticsearch test","description":"elasticsearch test","priority":"High","status":"Todo","dueDate":"2025-06-22T13:29:00","createdAt":"2025-06-24T10:29:24.3118403","userId":"fbf44302-5ae1-43e9-9ac0-a5869d5d62b9","project":{"id":3,"name":"Mohamed ANAS SAAD","description":"sdasdasd","color":"#df0707"},"comments":[],"searchContent":"elasticsearch test elasticsearch test Mohamed ANAS SAAD ","tags":["priority:high","status:todo","project:mohamed anas saad"],"isOverdue":true,"isDeleted":false}
{"index":{"_id":17,"routing":"fbf44302-5ae1-43e9-9ac0-a5869d5d62b9"}}
{"id":17,"title":"elasticsearch test 1","description":"elasticsearch test 2","priority":"Medium","status":"Todo","dueDate":"2025-07-03T13:43:00","createdAt":"2025-06-24T10:44:02.5406000","userId":"fbf44302-5ae1-43e9-9ac0-a5869d5d62b9","project":{"id":3,"name":"Mohamed ANAS SAAD","description":"sdasdasd","color":"#df0707"},"comments":[],"searchContent":"elasticsearch test 1 elasticsearch test 2 Mohamed ANAS SAAD ","tags":["priority:medium","status:todo","project:mohamed anas saad"],"isOverdue":false,"isDeleted":false}
{"index":{"_id":18,"routing":"fbf44302-5ae1-43e9-9ac0-a5869d5d62b9"}}
{"id":18,"title":"new FieldSort ","description":"adsad","priority":"Medium","status":"Todo","createdAt":"2025-06-24T12:02:37.1130010","userId":"fbf44302-5ae1-43e9-9ac0-a5869d5d62b9","project":{"id":3,"name":"Mohamed ANAS SAAD","description":"sdasdasd","color":"#df0707"},"comments":[],"searchContent":"new FieldSort  adsad Mohamed ANAS SAAD ","tags":["priority:medium","status:todo","project:mohamed anas saad"],"isOverdue":false,"isDeleted":false}
{"index":{"_id":19,"routing":"fbf44302-5ae1-43e9-9ac0-a5869d5d62b9"}}
{"id":19,"title":"asp","description":"asdasfdsvsdvcxsd","priority":"Medium","status":"Todo","createdAt":"2025-06-24T12:27:26.7004739","userId":"fbf44302-5ae1-43e9-9ac0-a5869d5d62b9","project":{"id":3,"name":"Mohamed ANAS SAAD","description":"sdasdasd","color":"#df0707"},"comments":[],"searchContent":"asp asdasfdsvsdvcxsd Mohamed ANAS SAAD ","tags":["priority:medium","status:todo","project:mohamed anas saad"],"isOverdue":false,"isDeleted":false}
{"index":{"_id":20,"routing":"fbf44302-5ae1-43e9-9ac0-a5869d5d62b9"}}
{"id":20,"title":"asp","description":"aspd21d","priority":"Medium","status":"Todo","createdAt":"2025-06-24T13:14:45.2703680","userId":"fbf44302-5ae1-43e9-9ac0-a5869d5d62b9","comments":[],"searchContent":"asp aspd21d  ","tags":["priority:medium","status:todo"],"isOverdue":false,"isDeleted":false}

📥 RESPONSE: {
  "took" : 27,
  "errors" : false,
  "items" : [
    {
      "index" : {
        "_index" : "taskmanager-2025-06",
        "_type" : "_doc",
        "_id" : "4",
        "_version" : 1,
        "result" : "created",
        "_shards" : {
          "total" : 1,
          "successful" : 1,
          "failed" : 0
        },
        "_seq_no" : 1,
        "_primary_term" : 1,
        "status" : 201
      }
    },
    {
      "index" : {
        "_index" : "taskmanager-2025-06",
        "_type" : "_doc",
        "_id" : "5",
        "_version" : 1,
        "result" : "created",
        "_shards" : {
          "total" : 1,
          "successful" : 1,
          "failed" : 0
        },
        "_seq_no" : 2,
        "_primary_term" : 1,
        "status" : 201
      }
    },
    {
      "index" : {
        "_index" : "taskmanager-2025-06",
        "_type" : "_doc",
        "_id" : "6",
        "_version" : 1,
        "result" : "created",
        "_shards" : {
          "total" : 1,
          "successful" : 1,
          "failed" : 0
        },
        "_seq_no" : 3,
        "_primary_term" : 1,
        "status" : 201
      }
    },
    {
      "index" : {
        "_index" : "taskmanager-2025-06",
        "_type" : "_doc",
        "_id" : "8",
        "_version" : 1,
        "result" : "created",
        "_shards" : {
          "total" : 1,
          "successful" : 1,
          "failed" : 0
        },
        "_seq_no" : 4,
        "_primary_term" : 1,
        "status" : 201
      }
    },
    {
      "index" : {
        "_index" : "taskmanager-2025-06",
        "_type" : "_doc",
        "_id" : "9",
        "_version" : 1,
        "result" : "created",
        "_shards" : {
          "total" : 1,
          "successful" : 1,
          "failed" : 0
        },
        "_seq_no" : 5,
        "_primary_term" : 1,
        "status" : 201
      }
    },
    {
      "index" : {
        "_index" : "taskmanager-2025-06",
        "_type" : "_doc",
        "_id" : "10",
        "_version" : 1,
        "result" : "created",
        "_shards" : {
          "total" : 1,
          "successful" : 1,
          "failed" : 0
        },
        "_seq_no" : 6,
        "_primary_term" : 1,
        "status" : 201
      }
    },
    {
      "index" : {
        "_index" : "taskmanager-2025-06",
        "_type" : "_doc",
        "_id" : "11",
        "_version" : 1,
        "result" : "created",
        "_shards" : {
          "total" : 1,
          "successful" : 1,
          "failed" : 0
        },
        "_seq_no" : 7,
        "_primary_term" : 1,
        "status" : 201
      }
    },
    {
      "index" : {
        "_index" : "taskmanager-2025-06",
        "_type" : "_doc",
        "_id" : "12",
        "_version" : 1,
        "result" : "created",
        "_shards" : {
          "total" : 1,
          "successful" : 1,
          "failed" : 0
        },
        "_seq_no" : 8,
        "_primary_term" : 1,
        "status" : 201
      }
    },
    {
      "index" : {
        "_index" : "taskmanager-2025-06",
        "_type" : "_doc",
        "_id" : "13",
        "_version" : 1,
        "result" : "created",
        "_shards" : {
          "total" : 1,
          "successful" : 1,
          "failed" : 0
        },
        "_seq_no" : 9,
        "_primary_term" : 1,
        "status" : 201
      }
    },
    {
      "index" : {
        "_index" : "taskmanager-2025-06",
        "_type" : "_doc",
        "_id" : "14",
        "_version" : 1,
        "result" : "created",
        "_shards" : {
          "total" : 1,
          "successful" : 1,
          "failed" : 0
        },
        "_seq_no" : 10,
        "_primary_term" : 1,
        "status" : 201
      }
    },
    {
      "index" : {
        "_index" : "taskmanager-2025-06",
        "_type" : "_doc",
        "_id" : "15",
        "_version" : 1,
        "result" : "created",
        "_shards" : {
          "total" : 1,
          "successful" : 1,
          "failed" : 0
        },
        "_seq_no" : 11,
        "_primary_term" : 1,
        "status" : 201
      }
    },
    {
      "index" : {
        "_index" : "taskmanager-2025-06",
        "_type" : "_doc",
        "_id" : "16",
        "_version" : 1,
        "result" : "created",
        "_shards" : {
          "total" : 1,
          "successful" : 1,
          "failed" : 0
        },
        "_seq_no" : 12,
        "_primary_term" : 1,
        "status" : 201
      }
    },
    {
      "index" : {
        "_index" : "taskmanager-2025-06",
        "_type" : "_doc",
        "_id" : "17",
        "_version" : 1,
        "result" : "created",
        "_shards" : {
          "total" : 1,
          "successful" : 1,
          "failed" : 0
        },
        "_seq_no" : 13,
        "_primary_term" : 1,
        "status" : 201
      }
    },
    {
      "index" : {
        "_index" : "taskmanager-2025-06",
        "_type" : "_doc",
        "_id" : "18",
        "_version" : 1,
        "result" : "created",
        "_shards" : {
          "total" : 1,
          "successful" : 1,
          "failed" : 0
        },
        "_seq_no" : 14,
        "_primary_term" : 1,
        "status" : 201
      }
    },
    {
      "index" : {
        "_index" : "taskmanager-2025-06",
        "_type" : "_doc",
        "_id" : "19",
        "_version" : 1,
        "result" : "created",
        "_shards" : {
          "total" : 1,
          "successful" : 1,
          "failed" : 0
        },
        "_seq_no" : 15,
        "_primary_term" : 1,
        "status" : 201
      }
    },
    {
      "index" : {
        "_index" : "taskmanager-2025-06",
        "_type" : "_doc",
        "_id" : "20",
        "_version" : 2,
        "result" : "updated",
        "_shards" : {
          "total" : 1,
          "successful" : 1,
          "failed" : 0
        },
        "_seq_no" : 16,
        "_primary_term" : 1,
        "status" : 200
      }
    }
  ]
}

2025-06-24 17:00:05.743 +03:00 [INF] Successfully bulk indexed 16 tasks
2025-06-24 17:00:05.745 +03:00 [INF] Successfully synced 16 tasks to Elasticsearch
2025-06-24 17:02:48.698 +03:00 [INF] User fbf44302-5ae1-43e9-9ac0-a5869d5d62b9 disconnected from notifications hub
2025-06-24 17:02:52.706 +03:00 [INF] User fbf44302-5ae1-43e9-9ac0-a5869d5d62b9 connected to notifications hub
2025-06-24 17:03:01.025 +03:00 [INF] User fbf44302-5ae1-43e9-9ac0-a5869d5d62b9 disconnected from notifications hub
2025-06-24 17:03:06.929 +03:00 [INF] Server laptop-mg727ebl:10320:022a6055 caught stopping signal...
2025-06-24 17:03:06.931 +03:00 [INF] Application is shutting down...
2025-06-24 17:03:07.250 +03:00 [INF] Server laptop-mg727ebl:10320:022a6055 All dispatchers stopped
2025-06-24 17:03:07.260 +03:00 [INF] Server laptop-mg727ebl:10320:022a6055 successfully reported itself as stopped in 5.847 ms
2025-06-24 17:03:07.262 +03:00 [INF] Server laptop-mg727ebl:10320:022a6055 has been stopped in total 331.2214 ms
