2025-06-26 11:28:01.687 +03:00 [INF] Start installing Hangfire SQL objects...
2025-06-26 11:28:02.840 +03:00 [INF] Hangfire SQL objects installed.
2025-06-26 11:28:05.554 +03:00 [INF] ✅ ES SUCCESS: "GET" "http://localhost:9200/_cluster/health?pretty=true"
📤 REQUEST: null
📥 RESPONSE: {
  "cluster_name" : "docker-cluster",
  "status" : "green",
  "timed_out" : false,
  "number_of_nodes" : 1,
  "number_of_data_nodes" : 1,
  "active_primary_shards" : 1,
  "active_shards" : 1,
  "relocating_shards" : 0,
  "initializing_shards" : 0,
  "unassigned_shards" : 0,
  "delayed_unassigned_shards" : 0,
  "number_of_pending_tasks" : 0,
  "number_of_in_flight_fetch" : 0,
  "task_max_waiting_in_queue_millis" : 0,
  "active_shards_percent_as_number" : 100.0
}

2025-06-26 11:28:05.562 +03:00 [INF] 🔗 Elasticsearch connection test: true - Cluster Status: "Green"
2025-06-26 11:28:05.580 +03:00 [INF] ✅ ES SUCCESS: "HEAD" "http://localhost:9200/taskmanager-2025-06?pretty=true"
📤 REQUEST: null
📥 RESPONSE: null
2025-06-26 11:28:05.591 +03:00 [INF] ✅ ES SUCCESS: "HEAD" "http://localhost:9200/taskmanager-2025-06?pretty=true"
📤 REQUEST: null
📥 RESPONSE: null
2025-06-26 11:28:05.914 +03:00 [INF] ✅ ES SUCCESS: "PUT" "http://localhost:9200/taskmanager-2025-06?pretty=true"
📤 REQUEST: {"mappings":{"properties":{"id":{"type":"integer"},"title":{"analyzer":"standard","type":"text"},"description":{"analyzer":"standard","type":"text"},"priority":{"type":"keyword"},"status":{"type":"keyword"},"dueDate":{"type":"date"},"createdAt":{"type":"date"},"completedAt":{"type":"date"},"userId":{"type":"keyword"},"project":{"properties":{"id":{"type":"integer"},"name":{"analyzer":"standard","type":"text"},"description":{"analyzer":"standard","type":"text"},"color":{"type":"keyword"}},"type":"nested"},"comments":{"properties":{"id":{"type":"integer"},"content":{"analyzer":"standard","type":"text"},"createdAt":{"type":"date"},"userId":{"type":"keyword"}},"type":"nested"},"searchContent":{"analyzer":"task_analyzer","type":"text"},"tags":{"type":"keyword"},"isOverdue":{"type":"boolean"},"isDeleted":{"type":"boolean"}}},"settings":{"index.number_of_replicas":0,"analysis":{"analyzer":{"task_analyzer":{"filter":["lowercase","stop","stemmer"],"tokenizer":"standard","type":"custom"}}},"index.number_of_shards":1}}
📥 RESPONSE: {
  "acknowledged" : true,
  "shards_acknowledged" : true,
  "index" : "taskmanager-2025-06"
}

2025-06-26 11:28:05.919 +03:00 [INF] Successfully created index taskmanager-2025-06
2025-06-26 11:28:06.145 +03:00 [INF] Now listening on: http://localhost:5086
2025-06-26 11:28:06.151 +03:00 [INF] Starting Hangfire Server using job storage: 'SQL Server: LAPTOP-MG727EBL\SQLEXPRESS@TaskManagerDB'
2025-06-26 11:28:06.153 +03:00 [INF] Using the following options for SQL Server job storage: Queue poll interval: 00:00:00.
2025-06-26 11:28:06.154 +03:00 [INF] Using the following options for Hangfire Server:
    Worker count: 20
    Listening queues: 'default'
    Shutdown timeout: 00:00:15
    Schedule polling interval: 00:00:15
2025-06-26 11:28:06.166 +03:00 [INF] Application started. Press Ctrl+C to shut down.
2025-06-26 11:28:06.167 +03:00 [INF] Hosting environment: Development
2025-06-26 11:28:06.169 +03:00 [INF] Content root path: B:\1\30\TaskManagerMVC\TaskManager.Web
2025-06-26 11:28:06.195 +03:00 [INF] Server laptop-mg727ebl:18972:317f4583 successfully announced in 24.2393 ms
2025-06-26 11:28:06.199 +03:00 [INF] Server laptop-mg727ebl:18972:317f4583 is starting the registered dispatchers: ServerWatchdog, ServerJobCancellationWatcher, SqlServerHeartbeatProcess, ExpirationManager, CountersAggregator, Worker, DelayedJobScheduler, RecurringJobScheduler...
2025-06-26 11:28:06.208 +03:00 [INF] Server laptop-mg727ebl:18972:317f4583 all the dispatchers started
2025-06-26 11:28:06.580 +03:00 [INF] Starting Elasticsearch sync job
2025-06-26 11:28:06.604 +03:00 [INF] ✅ ES SUCCESS: "HEAD" "http://localhost:9200/taskmanager-2025-06?pretty=true"
📤 REQUEST: null
📥 RESPONSE: null
2025-06-26 11:28:06.784 +03:00 [INF] 🚀 Attempting to send task reminder to belalsaad19986@gmail.com
2025-06-26 11:28:06.905 +03:00 [INF] ✅ ES SUCCESS: "POST" "http://localhost:9200/taskmanager-2025-06/_bulk?pretty=true"
📤 REQUEST: {"index":{"_id":4,"routing":"fbf44302-5ae1-43e9-9ac0-a5869d5d62b9"}}
{"id":4,"title":"Running Club 1 Edit","description":"qqqqqq","priority":"Medium","status":"Todo","dueDate":"2025-06-07T10:56:00","createdAt":"2025-06-23T07:56:50.4438436","userId":"fbf44302-5ae1-43e9-9ac0-a5869d5d62b9","project":{"id":2,"name":"belal saad","description":"ccc","color":"#000000"},"comments":[],"searchContent":"Running Club 1 Edit qqqqqq belal saad ","tags":["priority:medium","status:todo","project:belal saad"],"isOverdue":true,"isDeleted":false}
{"index":{"_id":5,"routing":"fbf44302-5ae1-43e9-9ac0-a5869d5d62b9"}}
{"id":5,"title":"siiiiiiiiiiiiii","description":"siiiiiiiiiii","priority":"Critical","status":"Todo","dueDate":"2025-06-23T12:55:00","createdAt":"2025-06-23T09:52:43.4288273","userId":"fbf44302-5ae1-43e9-9ac0-a5869d5d62b9","project":{"id":2,"name":"belal saad","description":"ccc","color":"#000000"},"comments":[],"searchContent":"siiiiiiiiiiiiii siiiiiiiiiii belal saad ","tags":["priority:critical","status:todo","project:belal saad"],"isOverdue":true,"isDeleted":false}
{"index":{"_id":6,"routing":"fbf44302-5ae1-43e9-9ac0-a5869d5d62b9"}}
{"id":6,"title":"toto","description":"dafa","priority":"Medium","status":"Todo","dueDate":"2025-06-07T15:31:00","createdAt":"2025-06-23T12:31:08.0020957","userId":"fbf44302-5ae1-43e9-9ac0-a5869d5d62b9","project":{"id":3,"name":"Mohamed ANAS SAAD","description":"sdasdasd","color":"#df0707"},"comments":[],"searchContent":"toto dafa Mohamed ANAS SAAD ","tags":["priority:medium","status:todo","project:mohamed anas saad"],"isOverdue":true,"isDeleted":false}
{"index":{"_id":8,"routing":"fbf44302-5ae1-43e9-9ac0-a5869d5d62b9"}}
{"id":8,"title":"totoppppp","description":"fasafdac","priority":"High","status":"Todo","dueDate":"2025-06-26T11:08:00","createdAt":"2025-06-24T08:08:47.2005384","userId":"fbf44302-5ae1-43e9-9ac0-a5869d5d62b9","project":{"id":2,"name":"belal saad","description":"ccc","color":"#000000"},"comments":[],"searchContent":"totoppppp fasafdac belal saad ","tags":["priority:high","status:todo","project:belal saad"],"isOverdue":false,"isDeleted":false}
{"index":{"_id":9,"routing":"fbf44302-5ae1-43e9-9ac0-a5869d5d62b9"}}
{"id":9,"title":"gg","description":"nice game","priority":"Low","status":"Todo","dueDate":"2025-06-18T11:17:00","createdAt":"2025-06-24T08:17:27.8163927","userId":"fbf44302-5ae1-43e9-9ac0-a5869d5d62b9","project":{"id":3,"name":"Mohamed ANAS SAAD","description":"sdasdasd","color":"#df0707"},"comments":[],"searchContent":"gg nice game Mohamed ANAS SAAD ","tags":["priority:low","status:todo","project:mohamed anas saad"],"isOverdue":true,"isDeleted":false}
{"index":{"_id":10,"routing":"fbf44302-5ae1-43e9-9ac0-a5869d5d62b9"}}
{"id":10,"title":"not gg","description":"not good game","priority":"Medium","status":"Todo","dueDate":"2025-06-27T11:19:00","createdAt":"2025-06-24T08:19:47.9170723","userId":"fbf44302-5ae1-43e9-9ac0-a5869d5d62b9","project":{"id":2,"name":"belal saad","description":"ccc","color":"#000000"},"comments":[],"searchContent":"not gg not good game belal saad ","tags":["priority:medium","status:todo","project:belal saad"],"isOverdue":false,"isDeleted":false}
{"index":{"_id":11,"routing":"fbf44302-5ae1-43e9-9ac0-a5869d5d62b9"}}
{"id":11,"title":"bilal","description":"asdasd","priority":"High","status":"Todo","dueDate":"2025-06-12T00:00:00","createdAt":"2025-06-24T08:36:11.0621349","userId":"fbf44302-5ae1-43e9-9ac0-a5869d5d62b9","comments":[],"searchContent":"bilal asdasd  ","tags":["priority:high","status:todo"],"isOverdue":true,"isDeleted":false}
{"index":{"_id":12,"routing":"fbf44302-5ae1-43e9-9ac0-a5869d5d62b9"}}
{"id":12,"title":"do so fast ","description":"fastttt","priority":"Critical","status":"Todo","dueDate":"2025-06-28T11:44:00","createdAt":"2025-06-24T08:44:52.5359956","userId":"fbf44302-5ae1-43e9-9ac0-a5869d5d62b9","project":{"id":2,"name":"belal saad","description":"ccc","color":"#000000"},"comments":[],"searchContent":"do so fast  fastttt belal saad ","tags":["priority:critical","status:todo","project:belal saad"],"isOverdue":false,"isDeleted":false}
{"index":{"_id":13,"routing":"fbf44302-5ae1-43e9-9ac0-a5869d5d62b9"}}
{"id":13,"title":"test 55","description":"asdlsdngk;sd","priority":"Medium","status":"Todo","dueDate":"2025-06-30T12:58:00","createdAt":"2025-06-24T09:59:04.6568547","userId":"fbf44302-5ae1-43e9-9ac0-a5869d5d62b9","project":{"id":2,"name":"belal saad","description":"ccc","color":"#000000"},"comments":[],"searchContent":"test 55 asdlsdngk;sd belal saad ","tags":["priority:medium","status:todo","project:belal saad"],"isOverdue":false,"isDeleted":false}
{"index":{"_id":14,"routing":"fbf44302-5ae1-43e9-9ac0-a5869d5d62b9"}}
{"id":14,"title":"test 9","description":"qwdqwd","priority":"Critical","status":"Todo","dueDate":"2025-06-29T13:19:00","createdAt":"2025-06-24T10:19:39.1319414","userId":"fbf44302-5ae1-43e9-9ac0-a5869d5d62b9","comments":[],"searchContent":"test 9 qwdqwd  ","tags":["priority:critical","status:todo"],"isOverdue":false,"isDeleted":false}
{"index":{"_id":15,"routing":"fbf44302-5ae1-43e9-9ac0-a5869d5d62b9"}}
{"id":15,"title":"test 10","description":"asdsad","priority":"Critical","status":"Todo","dueDate":"2025-07-01T13:23:00","createdAt":"2025-06-24T10:23:20.3456135","userId":"fbf44302-5ae1-43e9-9ac0-a5869d5d62b9","project":{"id":2,"name":"belal saad","description":"ccc","color":"#000000"},"comments":[],"searchContent":"test 10 asdsad belal saad ","tags":["priority:critical","status:todo","project:belal saad"],"isOverdue":false,"isDeleted":false}
{"index":{"_id":16,"routing":"fbf44302-5ae1-43e9-9ac0-a5869d5d62b9"}}
{"id":16,"title":"elasticsearch test","description":"elasticsearch test","priority":"High","status":"Todo","dueDate":"2025-06-22T13:29:00","createdAt":"2025-06-24T10:29:24.3118403","userId":"fbf44302-5ae1-43e9-9ac0-a5869d5d62b9","project":{"id":3,"name":"Mohamed ANAS SAAD","description":"sdasdasd","color":"#df0707"},"comments":[],"searchContent":"elasticsearch test elasticsearch test Mohamed ANAS SAAD ","tags":["priority:high","status:todo","project:mohamed anas saad"],"isOverdue":true,"isDeleted":false}
{"index":{"_id":17,"routing":"fbf44302-5ae1-43e9-9ac0-a5869d5d62b9"}}
{"id":17,"title":"elasticsearch test 1","description":"elasticsearch test 2","priority":"Medium","status":"Todo","dueDate":"2025-07-03T13:43:00","createdAt":"2025-06-24T10:44:02.5406000","userId":"fbf44302-5ae1-43e9-9ac0-a5869d5d62b9","project":{"id":3,"name":"Mohamed ANAS SAAD","description":"sdasdasd","color":"#df0707"},"comments":[],"searchContent":"elasticsearch test 1 elasticsearch test 2 Mohamed ANAS SAAD ","tags":["priority:medium","status:todo","project:mohamed anas saad"],"isOverdue":false,"isDeleted":false}
{"index":{"_id":18,"routing":"fbf44302-5ae1-43e9-9ac0-a5869d5d62b9"}}
{"id":18,"title":"new FieldSort ","description":"adsad","priority":"Medium","status":"Todo","createdAt":"2025-06-24T12:02:37.1130010","userId":"fbf44302-5ae1-43e9-9ac0-a5869d5d62b9","project":{"id":3,"name":"Mohamed ANAS SAAD","description":"sdasdasd","color":"#df0707"},"comments":[],"searchContent":"new FieldSort  adsad Mohamed ANAS SAAD ","tags":["priority:medium","status:todo","project:mohamed anas saad"],"isOverdue":false,"isDeleted":false}
{"index":{"_id":19,"routing":"fbf44302-5ae1-43e9-9ac0-a5869d5d62b9"}}
{"id":19,"title":"asp","description":"asdasfdsvsdvcxsd","priority":"Medium","status":"Todo","createdAt":"2025-06-24T12:27:26.7004739","userId":"fbf44302-5ae1-43e9-9ac0-a5869d5d62b9","project":{"id":3,"name":"Mohamed ANAS SAAD","description":"sdasdasd","color":"#df0707"},"comments":[],"searchContent":"asp asdasfdsvsdvcxsd Mohamed ANAS SAAD ","tags":["priority:medium","status:todo","project:mohamed anas saad"],"isOverdue":false,"isDeleted":false}
{"index":{"_id":20,"routing":"fbf44302-5ae1-43e9-9ac0-a5869d5d62b9"}}
{"id":20,"title":"asp","description":"aspd21d","priority":"Medium","status":"Todo","createdAt":"2025-06-24T13:14:45.2703680","userId":"fbf44302-5ae1-43e9-9ac0-a5869d5d62b9","comments":[],"searchContent":"asp aspd21d  ","tags":["priority:medium","status:todo"],"isOverdue":false,"isDeleted":false}
{"index":{"_id":21,"routing":"fbf44302-5ae1-43e9-9ac0-a5869d5d62b9"}}
{"id":21,"title":"elasticsearch test 3","description":"elasticsearch test 3","priority":"High","status":"Todo","dueDate":"2025-06-28T09:54:00","createdAt":"2025-06-25T06:54:46.2831148","userId":"fbf44302-5ae1-43e9-9ac0-a5869d5d62b9","project":{"id":2,"name":"belal saad","description":"ccc","color":"#000000"},"comments":[],"searchContent":"elasticsearch test 3 elasticsearch test 3 belal saad ","tags":["priority:high","status:todo","project:belal saad"],"isOverdue":false,"isDeleted":false}
{"index":{"_id":22,"routing":"fbf44302-5ae1-43e9-9ac0-a5869d5d62b9"}}
{"id":22,"title":"test 66","priority":"Medium","status":"Todo","createdAt":"2025-06-25T07:57:08.3691926","userId":"fbf44302-5ae1-43e9-9ac0-a5869d5d62b9","comments":[],"searchContent":"test 66   ","tags":["priority:medium","status:todo"],"isOverdue":false,"isDeleted":false}

📥 RESPONSE: {
  "took" : 33,
  "errors" : false,
  "items" : [
    {
      "index" : {
        "_index" : "taskmanager-2025-06",
        "_type" : "_doc",
        "_id" : "4",
        "_version" : 1,
        "result" : "created",
        "_shards" : {
          "total" : 1,
          "successful" : 1,
          "failed" : 0
        },
        "_seq_no" : 0,
        "_primary_term" : 1,
        "status" : 201
      }
    },
    {
      "index" : {
        "_index" : "taskmanager-2025-06",
        "_type" : "_doc",
        "_id" : "5",
        "_version" : 1,
        "result" : "created",
        "_shards" : {
          "total" : 1,
          "successful" : 1,
          "failed" : 0
        },
        "_seq_no" : 1,
        "_primary_term" : 1,
        "status" : 201
      }
    },
    {
      "index" : {
        "_index" : "taskmanager-2025-06",
        "_type" : "_doc",
        "_id" : "6",
        "_version" : 1,
        "result" : "created",
        "_shards" : {
          "total" : 1,
          "successful" : 1,
          "failed" : 0
        },
        "_seq_no" : 2,
        "_primary_term" : 1,
        "status" : 201
      }
    },
    {
      "index" : {
        "_index" : "taskmanager-2025-06",
        "_type" : "_doc",
        "_id" : "8",
        "_version" : 1,
        "result" : "created",
        "_shards" : {
          "total" : 1,
          "successful" : 1,
          "failed" : 0
        },
        "_seq_no" : 3,
        "_primary_term" : 1,
        "status" : 201
      }
    },
    {
      "index" : {
        "_index" : "taskmanager-2025-06",
        "_type" : "_doc",
        "_id" : "9",
        "_version" : 1,
        "result" : "created",
        "_shards" : {
          "total" : 1,
          "successful" : 1,
          "failed" : 0
        },
        "_seq_no" : 4,
        "_primary_term" : 1,
        "status" : 201
      }
    },
    {
      "index" : {
        "_index" : "taskmanager-2025-06",
        "_type" : "_doc",
        "_id" : "10",
        "_version" : 1,
        "result" : "created",
        "_shards" : {
          "total" : 1,
          "successful" : 1,
          "failed" : 0
        },
        "_seq_no" : 5,
        "_primary_term" : 1,
        "status" : 201
      }
    },
    {
      "index" : {
        "_index" : "taskmanager-2025-06",
        "_type" : "_doc",
        "_id" : "11",
        "_version" : 1,
        "result" : "created",
        "_shards" : {
          "total" : 1,
          "successful" : 1,
          "failed" : 0
        },
        "_seq_no" : 6,
        "_primary_term" : 1,
        "status" : 201
      }
    },
    {
      "index" : {
        "_index" : "taskmanager-2025-06",
        "_type" : "_doc",
        "_id" : "12",
        "_version" : 1,
        "result" : "created",
        "_shards" : {
          "total" : 1,
          "successful" : 1,
          "failed" : 0
        },
        "_seq_no" : 7,
        "_primary_term" : 1,
        "status" : 201
      }
    },
    {
      "index" : {
        "_index" : "taskmanager-2025-06",
        "_type" : "_doc",
        "_id" : "13",
        "_version" : 1,
        "result" : "created",
        "_shards" : {
          "total" : 1,
          "successful" : 1,
          "failed" : 0
        },
        "_seq_no" : 8,
        "_primary_term" : 1,
        "status" : 201
      }
    },
    {
      "index" : {
        "_index" : "taskmanager-2025-06",
        "_type" : "_doc",
        "_id" : "14",
        "_version" : 1,
        "result" : "created",
        "_shards" : {
          "total" : 1,
          "successful" : 1,
          "failed" : 0
        },
        "_seq_no" : 9,
        "_primary_term" : 1,
        "status" : 201
      }
    },
    {
      "index" : {
        "_index" : "taskmanager-2025-06",
        "_type" : "_doc",
        "_id" : "15",
        "_version" : 1,
        "result" : "created",
        "_shards" : {
          "total" : 1,
          "successful" : 1,
          "failed" : 0
        },
        "_seq_no" : 10,
        "_primary_term" : 1,
        "status" : 201
      }
    },
    {
      "index" : {
        "_index" : "taskmanager-2025-06",
        "_type" : "_doc",
        "_id" : "16",
        "_version" : 1,
        "result" : "created",
        "_shards" : {
          "total" : 1,
          "successful" : 1,
          "failed" : 0
        },
        "_seq_no" : 11,
        "_primary_term" : 1,
        "status" : 201
      }
    },
    {
      "index" : {
        "_index" : "taskmanager-2025-06",
        "_type" : "_doc",
        "_id" : "17",
        "_version" : 1,
        "result" : "created",
        "_shards" : {
          "total" : 1,
          "successful" : 1,
          "failed" : 0
        },
        "_seq_no" : 12,
        "_primary_term" : 1,
        "status" : 201
      }
    },
    {
      "index" : {
        "_index" : "taskmanager-2025-06",
        "_type" : "_doc",
        "_id" : "18",
        "_version" : 1,
        "result" : "created",
        "_shards" : {
          "total" : 1,
          "successful" : 1,
          "failed" : 0
        },
        "_seq_no" : 13,
        "_primary_term" : 1,
        "status" : 201
      }
    },
    {
      "index" : {
        "_index" : "taskmanager-2025-06",
        "_type" : "_doc",
        "_id" : "19",
        "_version" : 1,
        "result" : "created",
        "_shards" : {
          "total" : 1,
          "successful" : 1,
          "failed" : 0
        },
        "_seq_no" : 14,
        "_primary_term" : 1,
        "status" : 201
      }
    },
    {
      "index" : {
        "_index" : "taskmanager-2025-06",
        "_type" : "_doc",
        "_id" : "20",
        "_version" : 1,
        "result" : "created",
        "_shards" : {
          "total" : 1,
          "successful" : 1,
          "failed" : 0
        },
        "_seq_no" : 15,
        "_primary_term" : 1,
        "status" : 201
      }
    },
    {
      "index" : {
        "_index" : "taskmanager-2025-06",
        "_type" : "_doc",
        "_id" : "21",
        "_version" : 1,
        "result" : "created",
        "_shards" : {
          "total" : 1,
          "successful" : 1,
          "failed" : 0
        },
        "_seq_no" : 16,
        "_primary_term" : 1,
        "status" : 201
      }
    },
    {
      "index" : {
        "_index" : "taskmanager-2025-06",
        "_type" : "_doc",
        "_id" : "22",
        "_version" : 1,
        "result" : "created",
        "_shards" : {
          "total" : 1,
          "successful" : 1,
          "failed" : 0
        },
        "_seq_no" : 17,
        "_primary_term" : 1,
        "status" : 201
      }
    }
  ]
}

2025-06-26 11:28:06.948 +03:00 [INF] Successfully bulk indexed 18 tasks
2025-06-26 11:28:06.950 +03:00 [INF] Successfully synced 18 tasks to Elasticsearch
2025-06-26 11:28:09.406 +03:00 [INF] ✅ Task reminder sent successfully to belalsaad19986@gmail.com
2025-06-26 11:28:09.408 +03:00 [INF] Reminder sent for task 10 to belalsaad19986@gmail.com
2025-06-26 11:29:10.630 +03:00 [WRN] Failed to determine the https port for redirect.
2025-06-26 11:29:11.045 +03:00 [INF] User fbf44302-5ae1-43e9-9ac0-a5869d5d62b9 connected to notifications hub
2025-06-26 11:29:15.094 +03:00 [INF] Dashboard loaded for user fbf44302-5ae1-43e9-9ac0-a5869d5d62b9 in 2292ms
2025-06-26 11:29:15.130 +03:00 [INF] User fbf44302-5ae1-43e9-9ac0-a5869d5d62b9 disconnected from notifications hub
2025-06-26 11:29:15.194 +03:00 [INF] User fbf44302-5ae1-43e9-9ac0-a5869d5d62b9 connected to notifications hub
2025-06-26 11:29:20.127 +03:00 [INF] User fbf44302-5ae1-43e9-9ac0-a5869d5d62b9 disconnected from notifications hub
2025-06-26 11:29:20.175 +03:00 [INF] User fbf44302-5ae1-43e9-9ac0-a5869d5d62b9 connected to notifications hub
2025-06-26 11:29:21.178 +03:00 [INF] User fbf44302-5ae1-43e9-9ac0-a5869d5d62b9 disconnected from notifications hub
2025-06-26 11:29:21.213 +03:00 [INF] User fbf44302-5ae1-43e9-9ac0-a5869d5d62b9 connected to notifications hub
2025-06-26 11:29:21.775 +03:00 [INF] User fbf44302-5ae1-43e9-9ac0-a5869d5d62b9 disconnected from notifications hub
2025-06-26 11:29:21.819 +03:00 [INF] User fbf44302-5ae1-43e9-9ac0-a5869d5d62b9 connected to notifications hub
2025-06-26 11:29:23.491 +03:00 [INF] ✅ ES SUCCESS: "GET" "http://localhost:9200/_cluster/health?pretty=true"
📤 REQUEST: null
📥 RESPONSE: {
  "cluster_name" : "docker-cluster",
  "status" : "green",
  "timed_out" : false,
  "number_of_nodes" : 1,
  "number_of_data_nodes" : 1,
  "active_primary_shards" : 2,
  "active_shards" : 2,
  "relocating_shards" : 0,
  "initializing_shards" : 0,
  "unassigned_shards" : 0,
  "delayed_unassigned_shards" : 0,
  "number_of_pending_tasks" : 0,
  "number_of_in_flight_fetch" : 0,
  "task_max_waiting_in_queue_millis" : 0,
  "active_shards_percent_as_number" : 100.0
}

2025-06-26 11:29:23.495 +03:00 [INF] 🔗 Elasticsearch connection test: true - Cluster Status: "Green"
2025-06-26 11:29:24.548 +03:00 [INF] ✅ ES SUCCESS: "HEAD" "http://localhost:9200/taskmanager-2025-06?pretty=true"
📤 REQUEST: null
📥 RESPONSE: null
2025-06-26 11:29:25.363 +03:00 [INF] 🔍 DEBUG: Getting all tasks for user fbf44302-5ae1-43e9-9ac0-a5869d5d62b9 from index taskmanager-2025-06
2025-06-26 11:29:25.468 +03:00 [INF] ✅ ES SUCCESS: "POST" "http://localhost:9200/taskmanager-2025-06/_search?pretty=true&typed_keys=true"
📤 REQUEST: {"query":{"match_all":{}},"size":100}
📥 RESPONSE: {
  "took" : 8,
  "timed_out" : false,
  "_shards" : {
    "total" : 1,
    "successful" : 1,
    "skipped" : 0,
    "failed" : 0
  },
  "hits" : {
    "total" : {
      "value" : 18,
      "relation" : "eq"
    },
    "max_score" : 1.0,
    "hits" : [
      {
        "_index" : "taskmanager-2025-06",
        "_type" : "_doc",
        "_id" : "4",
        "_score" : 1.0,
        "_routing" : "fbf44302-5ae1-43e9-9ac0-a5869d5d62b9",
        "_source" : {
          "id" : 4,
          "title" : "Running Club 1 Edit",
          "description" : "qqqqqq",
          "priority" : "Medium",
          "status" : "Todo",
          "dueDate" : "2025-06-07T10:56:00",
          "createdAt" : "2025-06-23T07:56:50.4438436",
          "userId" : "fbf44302-5ae1-43e9-9ac0-a5869d5d62b9",
          "project" : {
            "id" : 2,
            "name" : "belal saad",
            "description" : "ccc",
            "color" : "#000000"
          },
          "comments" : [ ],
          "searchContent" : "Running Club 1 Edit qqqqqq belal saad ",
          "tags" : [
            "priority:medium",
            "status:todo",
            "project:belal saad"
          ],
          "isOverdue" : true,
          "isDeleted" : false
        }
      },
      {
        "_index" : "taskmanager-2025-06",
        "_type" : "_doc",
        "_id" : "5",
        "_score" : 1.0,
        "_routing" : "fbf44302-5ae1-43e9-9ac0-a5869d5d62b9",
        "_source" : {
          "id" : 5,
          "title" : "siiiiiiiiiiiiii",
          "description" : "siiiiiiiiiii",
          "priority" : "Critical",
          "status" : "Todo",
          "dueDate" : "2025-06-23T12:55:00",
          "createdAt" : "2025-06-23T09:52:43.4288273",
          "userId" : "fbf44302-5ae1-43e9-9ac0-a5869d5d62b9",
          "project" : {
            "id" : 2,
            "name" : "belal saad",
            "description" : "ccc",
            "color" : "#000000"
          },
          "comments" : [ ],
          "searchContent" : "siiiiiiiiiiiiii siiiiiiiiiii belal saad ",
          "tags" : [
            "priority:critical",
            "status:todo",
            "project:belal saad"
          ],
          "isOverdue" : true,
          "isDeleted" : false
        }
      },
      {
        "_index" : "taskmanager-2025-06",
        "_type" : "_doc",
        "_id" : "6",
        "_score" : 1.0,
        "_routing" : "fbf44302-5ae1-43e9-9ac0-a5869d5d62b9",
        "_source" : {
          "id" : 6,
          "title" : "toto",
          "description" : "dafa",
          "priority" : "Medium",
          "status" : "Todo",
          "dueDate" : "2025-06-07T15:31:00",
          "createdAt" : "2025-06-23T12:31:08.0020957",
          "userId" : "fbf44302-5ae1-43e9-9ac0-a5869d5d62b9",
          "project" : {
            "id" : 3,
            "name" : "Mohamed ANAS SAAD",
            "description" : "sdasdasd",
            "color" : "#df0707"
          },
          "comments" : [ ],
          "searchContent" : "toto dafa Mohamed ANAS SAAD ",
          "tags" : [
            "priority:medium",
            "status:todo",
            "project:mohamed anas saad"
          ],
          "isOverdue" : true,
          "isDeleted" : false
        }
      },
      {
        "_index" : "taskmanager-2025-06",
        "_type" : "_doc",
        "_id" : "8",
        "_score" : 1.0,
        "_routing" : "fbf44302-5ae1-43e9-9ac0-a5869d5d62b9",
        "_source" : {
          "id" : 8,
          "title" : "totoppppp",
          "description" : "fasafdac",
          "priority" : "High",
          "status" : "Todo",
          "dueDate" : "2025-06-26T11:08:00",
          "createdAt" : "2025-06-24T08:08:47.2005384",
          "userId" : "fbf44302-5ae1-43e9-9ac0-a5869d5d62b9",
          "project" : {
            "id" : 2,
            "name" : "belal saad",
            "description" : "ccc",
            "color" : "#000000"
          },
          "comments" : [ ],
          "searchContent" : "totoppppp fasafdac belal saad ",
          "tags" : [
            "priority:high",
            "status:todo",
            "project:belal saad"
          ],
          "isOverdue" : false,
          "isDeleted" : false
        }
      },
      {
        "_index" : "taskmanager-2025-06",
        "_type" : "_doc",
        "_id" : "9",
        "_score" : 1.0,
        "_routing" : "fbf44302-5ae1-43e9-9ac0-a5869d5d62b9",
        "_source" : {
          "id" : 9,
          "title" : "gg",
          "description" : "nice game",
          "priority" : "Low",
          "status" : "Todo",
          "dueDate" : "2025-06-18T11:17:00",
          "createdAt" : "2025-06-24T08:17:27.8163927",
          "userId" : "fbf44302-5ae1-43e9-9ac0-a5869d5d62b9",
          "project" : {
            "id" : 3,
            "name" : "Mohamed ANAS SAAD",
            "description" : "sdasdasd",
            "color" : "#df0707"
          },
          "comments" : [ ],
          "searchContent" : "gg nice game Mohamed ANAS SAAD ",
          "tags" : [
            "priority:low",
            "status:todo",
            "project:mohamed anas saad"
          ],
          "isOverdue" : true,
          "isDeleted" : false
        }
      },
      {
        "_index" : "taskmanager-2025-06",
        "_type" : "_doc",
        "_id" : "10",
        "_score" : 1.0,
        "_routing" : "fbf44302-5ae1-43e9-9ac0-a5869d5d62b9",
        "_source" : {
          "id" : 10,
          "title" : "not gg",
          "description" : "not good game",
          "priority" : "Medium",
          "status" : "Todo",
          "dueDate" : "2025-06-27T11:19:00",
          "createdAt" : "2025-06-24T08:19:47.9170723",
          "userId" : "fbf44302-5ae1-43e9-9ac0-a5869d5d62b9",
          "project" : {
            "id" : 2,
            "name" : "belal saad",
            "description" : "ccc",
            "color" : "#000000"
          },
          "comments" : [ ],
          "searchContent" : "not gg not good game belal saad ",
          "tags" : [
            "priority:medium",
            "status:todo",
            "project:belal saad"
          ],
          "isOverdue" : false,
          "isDeleted" : false
        }
      },
      {
        "_index" : "taskmanager-2025-06",
        "_type" : "_doc",
        "_id" : "11",
        "_score" : 1.0,
        "_routing" : "fbf44302-5ae1-43e9-9ac0-a5869d5d62b9",
        "_source" : {
          "id" : 11,
          "title" : "bilal",
          "description" : "asdasd",
          "priority" : "High",
          "status" : "Todo",
          "dueDate" : "2025-06-12T00:00:00",
          "createdAt" : "2025-06-24T08:36:11.0621349",
          "userId" : "fbf44302-5ae1-43e9-9ac0-a5869d5d62b9",
          "comments" : [ ],
          "searchContent" : "bilal asdasd  ",
          "tags" : [
            "priority:high",
            "status:todo"
          ],
          "isOverdue" : true,
          "isDeleted" : false
        }
      },
      {
        "_index" : "taskmanager-2025-06",
        "_type" : "_doc",
        "_id" : "12",
        "_score" : 1.0,
        "_routing" : "fbf44302-5ae1-43e9-9ac0-a5869d5d62b9",
        "_source" : {
          "id" : 12,
          "title" : "do so fast ",
          "description" : "fastttt",
          "priority" : "Critical",
          "status" : "Todo",
          "dueDate" : "2025-06-28T11:44:00",
          "createdAt" : "2025-06-24T08:44:52.5359956",
          "userId" : "fbf44302-5ae1-43e9-9ac0-a5869d5d62b9",
          "project" : {
            "id" : 2,
            "name" : "belal saad",
            "description" : "ccc",
            "color" : "#000000"
          },
          "comments" : [ ],
          "searchContent" : "do so fast  fastttt belal saad ",
          "tags" : [
            "priority:critical",
            "status:todo",
            "project:belal saad"
          ],
          "isOverdue" : false,
          "isDeleted" : false
        }
      },
      {
        "_index" : "taskmanager-2025-06",
        "_type" : "_doc",
        "_id" : "13",
        "_score" : 1.0,
        "_routing" : "fbf44302-5ae1-43e9-9ac0-a5869d5d62b9",
        "_source" : {
          "id" : 13,
          "title" : "test 55",
          "description" : "asdlsdngk;sd",
          "priority" : "Medium",
          "status" : "Todo",
          "dueDate" : "2025-06-30T12:58:00",
          "createdAt" : "2025-06-24T09:59:04.6568547",
          "userId" : "fbf44302-5ae1-43e9-9ac0-a5869d5d62b9",
          "project" : {
            "id" : 2,
            "name" : "belal saad",
            "description" : "ccc",
            "color" : "#000000"
          },
          "comments" : [ ],
          "searchContent" : "test 55 asdlsdngk;sd belal saad ",
          "tags" : [
            "priority:medium",
            "status:todo",
            "project:belal saad"
          ],
          "isOverdue" : false,
          "isDeleted" : false
        }
      },
      {
        "_index" : "taskmanager-2025-06",
        "_type" : "_doc",
        "_id" : "14",
        "_score" : 1.0,
        "_routing" : "fbf44302-5ae1-43e9-9ac0-a5869d5d62b9",
        "_source" : {
          "id" : 14,
          "title" : "test 9",
          "description" : "qwdqwd",
          "priority" : "Critical",
          "status" : "Todo",
          "dueDate" : "2025-06-29T13:19:00",
          "createdAt" : "2025-06-24T10:19:39.1319414",
          "userId" : "fbf44302-5ae1-43e9-9ac0-a5869d5d62b9",
          "comments" : [ ],
          "searchContent" : "test 9 qwdqwd  ",
          "tags" : [
            "priority:critical",
            "status:todo"
          ],
          "isOverdue" : false,
          "isDeleted" : false
        }
      },
      {
        "_index" : "taskmanager-2025-06",
        "_type" : "_doc",
        "_id" : "15",
        "_score" : 1.0,
        "_routing" : "fbf44302-5ae1-43e9-9ac0-a5869d5d62b9",
        "_source" : {
          "id" : 15,
          "title" : "test 10",
          "description" : "asdsad",
          "priority" : "Critical",
          "status" : "Todo",
          "dueDate" : "2025-07-01T13:23:00",
          "createdAt" : "2025-06-24T10:23:20.3456135",
          "userId" : "fbf44302-5ae1-43e9-9ac0-a5869d5d62b9",
          "project" : {
            "id" : 2,
            "name" : "belal saad",
            "description" : "ccc",
            "color" : "#000000"
          },
          "comments" : [ ],
          "searchContent" : "test 10 asdsad belal saad ",
          "tags" : [
            "priority:critical",
            "status:todo",
            "project:belal saad"
          ],
          "isOverdue" : false,
          "isDeleted" : false
        }
      },
      {
        "_index" : "taskmanager-2025-06",
        "_type" : "_doc",
        "_id" : "16",
        "_score" : 1.0,
        "_routing" : "fbf44302-5ae1-43e9-9ac0-a5869d5d62b9",
        "_source" : {
          "id" : 16,
          "title" : "elasticsearch test",
          "description" : "elasticsearch test",
          "priority" : "High",
          "status" : "Todo",
          "dueDate" : "2025-06-22T13:29:00",
          "createdAt" : "2025-06-24T10:29:24.3118403",
          "userId" : "fbf44302-5ae1-43e9-9ac0-a5869d5d62b9",
          "project" : {
            "id" : 3,
            "name" : "Mohamed ANAS SAAD",
            "description" : "sdasdasd",
            "color" : "#df0707"
          },
          "comments" : [ ],
          "searchContent" : "elasticsearch test elasticsearch test Mohamed ANAS SAAD ",
          "tags" : [
            "priority:high",
            "status:todo",
            "project:mohamed anas saad"
          ],
          "isOverdue" : true,
          "isDeleted" : false
        }
      },
      {
        "_index" : "taskmanager-2025-06",
        "_type" : "_doc",
        "_id" : "17",
        "_score" : 1.0,
        "_routing" : "fbf44302-5ae1-43e9-9ac0-a5869d5d62b9",
        "_source" : {
          "id" : 17,
          "title" : "elasticsearch test 1",
          "description" : "elasticsearch test 2",
          "priority" : "Medium",
          "status" : "Todo",
          "dueDate" : "2025-07-03T13:43:00",
          "createdAt" : "2025-06-24T10:44:02.5406000",
          "userId" : "fbf44302-5ae1-43e9-9ac0-a5869d5d62b9",
          "project" : {
            "id" : 3,
            "name" : "Mohamed ANAS SAAD",
            "description" : "sdasdasd",
            "color" : "#df0707"
          },
          "comments" : [ ],
          "searchContent" : "elasticsearch test 1 elasticsearch test 2 Mohamed ANAS SAAD ",
          "tags" : [
            "priority:medium",
            "status:todo",
            "project:mohamed anas saad"
          ],
          "isOverdue" : false,
          "isDeleted" : false
        }
      },
      {
        "_index" : "taskmanager-2025-06",
        "_type" : "_doc",
        "_id" : "18",
        "_score" : 1.0,
        "_routing" : "fbf44302-5ae1-43e9-9ac0-a5869d5d62b9",
        "_source" : {
          "id" : 18,
          "title" : "new FieldSort ",
          "description" : "adsad",
          "priority" : "Medium",
          "status" : "Todo",
          "createdAt" : "2025-06-24T12:02:37.1130010",
          "userId" : "fbf44302-5ae1-43e9-9ac0-a5869d5d62b9",
          "project" : {
            "id" : 3,
            "name" : "Mohamed ANAS SAAD",
            "description" : "sdasdasd",
            "color" : "#df0707"
          },
          "comments" : [ ],
          "searchContent" : "new FieldSort  adsad Mohamed ANAS SAAD ",
          "tags" : [
            "priority:medium",
            "status:todo",
            "project:mohamed anas saad"
          ],
          "isOverdue" : false,
          "isDeleted" : false
        }
      },
      {
        "_index" : "taskmanager-2025-06",
        "_type" : "_doc",
        "_id" : "19",
        "_score" : 1.0,
        "_routing" : "fbf44302-5ae1-43e9-9ac0-a5869d5d62b9",
        "_source" : {
          "id" : 19,
          "title" : "asp",
          "description" : "asdasfdsvsdvcxsd",
          "priority" : "Medium",
          "status" : "Todo",
          "createdAt" : "2025-06-24T12:27:26.7004739",
          "userId" : "fbf44302-5ae1-43e9-9ac0-a5869d5d62b9",
          "project" : {
            "id" : 3,
            "name" : "Mohamed ANAS SAAD",
            "description" : "sdasdasd",
            "color" : "#df0707"
          },
          "comments" : [ ],
          "searchContent" : "asp asdasfdsvsdvcxsd Mohamed ANAS SAAD ",
          "tags" : [
            "priority:medium",
            "status:todo",
            "project:mohamed anas saad"
          ],
          "isOverdue" : false,
          "isDeleted" : false
        }
      },
      {
        "_index" : "taskmanager-2025-06",
        "_type" : "_doc",
        "_id" : "20",
        "_score" : 1.0,
        "_routing" : "fbf44302-5ae1-43e9-9ac0-a5869d5d62b9",
        "_source" : {
          "id" : 20,
          "title" : "asp",
          "description" : "aspd21d",
          "priority" : "Medium",
          "status" : "Todo",
          "createdAt" : "2025-06-24T13:14:45.2703680",
          "userId" : "fbf44302-5ae1-43e9-9ac0-a5869d5d62b9",
          "comments" : [ ],
          "searchContent" : "asp aspd21d  ",
          "tags" : [
            "priority:medium",
            "status:todo"
          ],
          "isOverdue" : false,
          "isDeleted" : false
        }
      },
      {
        "_index" : "taskmanager-2025-06",
        "_type" : "_doc",
        "_id" : "21",
        "_score" : 1.0,
        "_routing" : "fbf44302-5ae1-43e9-9ac0-a5869d5d62b9",
        "_source" : {
          "id" : 21,
          "title" : "elasticsearch test 3",
          "description" : "elasticsearch test 3",
          "priority" : "High",
          "status" : "Todo",
          "dueDate" : "2025-06-28T09:54:00",
          "createdAt" : "2025-06-25T06:54:46.2831148",
          "userId" : "fbf44302-5ae1-43e9-9ac0-a5869d5d62b9",
          "project" : {
            "id" : 2,
            "name" : "belal saad",
            "description" : "ccc",
            "color" : "#000000"
          },
          "comments" : [ ],
          "searchContent" : "elasticsearch test 3 elasticsearch test 3 belal saad ",
          "tags" : [
            "priority:high",
            "status:todo",
            "project:belal saad"
          ],
          "isOverdue" : false,
          "isDeleted" : false
        }
      },
      {
        "_index" : "taskmanager-2025-06",
        "_type" : "_doc",
        "_id" : "22",
        "_score" : 1.0,
        "_routing" : "fbf44302-5ae1-43e9-9ac0-a5869d5d62b9",
        "_source" : {
          "id" : 22,
          "title" : "test 66",
          "priority" : "Medium",
          "status" : "Todo",
          "createdAt" : "2025-06-25T07:57:08.3691926",
          "userId" : "fbf44302-5ae1-43e9-9ac0-a5869d5d62b9",
          "comments" : [ ],
          "searchContent" : "test 66   ",
          "tags" : [
            "priority:medium",
            "status:todo"
          ],
          "isOverdue" : false,
          "isDeleted" : false
        }
      }
    ]
  }
}

2025-06-26 11:29:25.512 +03:00 [INF] 🔍 DEBUG: Raw match-all query returned 18 total documents
2025-06-26 11:29:25.514 +03:00 [INF] 🔍 DEBUG: Document - Id=4, Title='Running Club 1 Edit', UserId='fbf44302-5ae1-43e9-9ac0-a5869d5d62b9', IsDeleted=false, Status='Todo'
2025-06-26 11:29:25.518 +03:00 [INF] 🔍 DEBUG: Document - Id=5, Title='siiiiiiiiiiiiii', UserId='fbf44302-5ae1-43e9-9ac0-a5869d5d62b9', IsDeleted=false, Status='Todo'
2025-06-26 11:29:25.521 +03:00 [INF] 🔍 DEBUG: Document - Id=6, Title='toto', UserId='fbf44302-5ae1-43e9-9ac0-a5869d5d62b9', IsDeleted=false, Status='Todo'
2025-06-26 11:29:25.524 +03:00 [INF] 🔍 DEBUG: Document - Id=8, Title='totoppppp', UserId='fbf44302-5ae1-43e9-9ac0-a5869d5d62b9', IsDeleted=false, Status='Todo'
2025-06-26 11:29:25.527 +03:00 [INF] 🔍 DEBUG: Document - Id=9, Title='gg', UserId='fbf44302-5ae1-43e9-9ac0-a5869d5d62b9', IsDeleted=false, Status='Todo'
2025-06-26 11:29:25.531 +03:00 [INF] 🔍 DEBUG: Found 18 non-deleted tasks for user fbf44302-5ae1-43e9-9ac0-a5869d5d62b9
2025-06-26 11:29:33.260 +03:00 [INF] Testing simple search with query: 'asp' for user: 'fbf44302-5ae1-43e9-9ac0-a5869d5d62b9'
2025-06-26 11:29:33.263 +03:00 [INF] 🔍 SEARCH: Query='asp', UserId='fbf44302-5ae1-43e9-9ac0-a5869d5d62b9', Page=1
2025-06-26 11:29:33.370 +03:00 [INF] ✅ ES SUCCESS: "POST" "http://localhost:9200/taskmanager-2025-06/_search?pretty=true&typed_keys=true"
📤 REQUEST: {"from":0,"query":{"bool":{"must":[{"term":{"userId":{"value":"fbf44302-5ae1-43e9-9ac0-a5869d5d62b9"}}},{"term":{"isDeleted":{"value":false}}},{"bool":{"minimum_should_match":1,"should":[{"match":{"title":{"query":"asp","boost":3.0}}},{"match":{"description":{"query":"asp","boost":2.0}}},{"match":{"searchContent":{"query":"asp","boost":1.0}}}]}}]}},"size":20,"sort":[{"_score":{"order":"desc"}},{"createdAt":{"order":"desc"}}]}
📥 RESPONSE: {
  "took" : 28,
  "timed_out" : false,
  "_shards" : {
    "total" : 1,
    "successful" : 1,
    "skipped" : 0,
    "failed" : 0
  },
  "hits" : {
    "total" : {
      "value" : 2,
      "relation" : "eq"
    },
    "max_score" : null,
    "hits" : [
      {
        "_index" : "taskmanager-2025-06",
        "_type" : "_doc",
        "_id" : "20",
        "_score" : 10.289016,
        "_routing" : "fbf44302-5ae1-43e9-9ac0-a5869d5d62b9",
        "_source" : {
          "id" : 20,
          "title" : "asp",
          "description" : "aspd21d",
          "priority" : "Medium",
          "status" : "Todo",
          "createdAt" : "2025-06-24T13:14:45.2703680",
          "userId" : "fbf44302-5ae1-43e9-9ac0-a5869d5d62b9",
          "comments" : [ ],
          "searchContent" : "asp aspd21d  ",
          "tags" : [
            "priority:medium",
            "status:todo"
          ],
          "isOverdue" : false,
          "isDeleted" : false
        },
        "sort" : [
          10.289016,
          1750770885270
        ]
      },
      {
        "_index" : "taskmanager-2025-06",
        "_type" : "_doc",
        "_id" : "19",
        "_score" : 9.634723,
        "_routing" : "fbf44302-5ae1-43e9-9ac0-a5869d5d62b9",
        "_source" : {
          "id" : 19,
          "title" : "asp",
          "description" : "asdasfdsvsdvcxsd",
          "priority" : "Medium",
          "status" : "Todo",
          "createdAt" : "2025-06-24T12:27:26.7004739",
          "userId" : "fbf44302-5ae1-43e9-9ac0-a5869d5d62b9",
          "project" : {
            "id" : 3,
            "name" : "Mohamed ANAS SAAD",
            "description" : "sdasdasd",
            "color" : "#df0707"
          },
          "comments" : [ ],
          "searchContent" : "asp asdasfdsvsdvcxsd Mohamed ANAS SAAD ",
          "tags" : [
            "priority:medium",
            "status:todo",
            "project:mohamed anas saad"
          ],
          "isOverdue" : false,
          "isDeleted" : false
        },
        "sort" : [
          9.634723,
          1750768046700
        ]
      }
    ]
  }
}

2025-06-26 11:29:33.379 +03:00 [INF] 🔍 SEARCH RESULT: IsValid=true, Total=2, Count=2, Took=28ms
2025-06-26 11:29:35.427 +03:00 [INF] User fbf44302-5ae1-43e9-9ac0-a5869d5d62b9 disconnected from notifications hub
2025-06-26 11:29:35.506 +03:00 [INF] User fbf44302-5ae1-43e9-9ac0-a5869d5d62b9 connected to notifications hub
2025-06-26 11:29:36.857 +03:00 [INF] ✅ ES SUCCESS: "POST" "http://localhost:9200/taskmanager-2025-06/_search?pretty=true&typed_keys=true"
📤 REQUEST: {"query":{"bool":{"must":[{"term":{"userId":{"value":"fbf44302-5ae1-43e9-9ac0-a5869d5d62b9"}}},{"term":{"isDeleted":{"value":false}}},{"wildcard":{"title":{"value":"*as*"}}}]}},"size":10,"_source":{"includes":["title"]}}
📥 RESPONSE: {
  "took" : 12,
  "timed_out" : false,
  "_shards" : {
    "total" : 1,
    "successful" : 1,
    "skipped" : 0,
    "failed" : 0
  },
  "hits" : {
    "total" : {
      "value" : 6,
      "relation" : "eq"
    },
    "max_score" : 1.0533365,
    "hits" : [
      {
        "_index" : "taskmanager-2025-06",
        "_type" : "_doc",
        "_id" : "12",
        "_score" : 1.0533365,
        "_routing" : "fbf44302-5ae1-43e9-9ac0-a5869d5d62b9",
        "_source" : {
          "title" : "do so fast "
        }
      },
      {
        "_index" : "taskmanager-2025-06",
        "_type" : "_doc",
        "_id" : "16",
        "_score" : 1.0533365,
        "_routing" : "fbf44302-5ae1-43e9-9ac0-a5869d5d62b9",
        "_source" : {
          "title" : "elasticsearch test"
        }
      },
      {
        "_index" : "taskmanager-2025-06",
        "_type" : "_doc",
        "_id" : "17",
        "_score" : 1.0533365,
        "_routing" : "fbf44302-5ae1-43e9-9ac0-a5869d5d62b9",
        "_source" : {
          "title" : "elasticsearch test 1"
        }
      },
      {
        "_index" : "taskmanager-2025-06",
        "_type" : "_doc",
        "_id" : "19",
        "_score" : 1.0533365,
        "_routing" : "fbf44302-5ae1-43e9-9ac0-a5869d5d62b9",
        "_source" : {
          "title" : "asp"
        }
      },
      {
        "_index" : "taskmanager-2025-06",
        "_type" : "_doc",
        "_id" : "20",
        "_score" : 1.0533365,
        "_routing" : "fbf44302-5ae1-43e9-9ac0-a5869d5d62b9",
        "_source" : {
          "title" : "asp"
        }
      },
      {
        "_index" : "taskmanager-2025-06",
        "_type" : "_doc",
        "_id" : "21",
        "_score" : 1.0533365,
        "_routing" : "fbf44302-5ae1-43e9-9ac0-a5869d5d62b9",
        "_source" : {
          "title" : "elasticsearch test 3"
        }
      }
    ]
  }
}

2025-06-26 11:29:37.551 +03:00 [INF] ✅ ES SUCCESS: "POST" "http://localhost:9200/taskmanager-2025-06/_search?pretty=true&typed_keys=true"
📤 REQUEST: {"query":{"bool":{"must":[{"term":{"userId":{"value":"fbf44302-5ae1-43e9-9ac0-a5869d5d62b9"}}},{"term":{"isDeleted":{"value":false}}},{"wildcard":{"title":{"value":"*asp*"}}}]}},"size":10,"_source":{"includes":["title"]}}
📥 RESPONSE: {
  "took" : 4,
  "timed_out" : false,
  "_shards" : {
    "total" : 1,
    "successful" : 1,
    "skipped" : 0,
    "failed" : 0
  },
  "hits" : {
    "total" : {
      "value" : 2,
      "relation" : "eq"
    },
    "max_score" : 1.0533365,
    "hits" : [
      {
        "_index" : "taskmanager-2025-06",
        "_type" : "_doc",
        "_id" : "19",
        "_score" : 1.0533365,
        "_routing" : "fbf44302-5ae1-43e9-9ac0-a5869d5d62b9",
        "_source" : {
          "title" : "asp"
        }
      },
      {
        "_index" : "taskmanager-2025-06",
        "_type" : "_doc",
        "_id" : "20",
        "_score" : 1.0533365,
        "_routing" : "fbf44302-5ae1-43e9-9ac0-a5869d5d62b9",
        "_source" : {
          "title" : "asp"
        }
      }
    ]
  }
}

2025-06-26 11:29:37.674 +03:00 [INF] 🔍 SEARCH: Query='asp', UserId='fbf44302-5ae1-43e9-9ac0-a5869d5d62b9', Page=1
2025-06-26 11:29:37.734 +03:00 [INF] ✅ ES SUCCESS: "POST" "http://localhost:9200/taskmanager-2025-06/_search?pretty=true&typed_keys=true"
📤 REQUEST: {"from":0,"query":{"bool":{"must":[{"term":{"userId":{"value":"fbf44302-5ae1-43e9-9ac0-a5869d5d62b9"}}},{"term":{"isDeleted":{"value":false}}},{"bool":{"minimum_should_match":1,"should":[{"match":{"title":{"query":"asp","boost":3.0}}},{"match":{"description":{"query":"asp","boost":2.0}}},{"match":{"searchContent":{"query":"asp","boost":1.0}}}]}}]}},"size":20,"sort":[{"_score":{"order":"desc"}},{"createdAt":{"order":"desc"}}]}
📥 RESPONSE: {
  "took" : 4,
  "timed_out" : false,
  "_shards" : {
    "total" : 1,
    "successful" : 1,
    "skipped" : 0,
    "failed" : 0
  },
  "hits" : {
    "total" : {
      "value" : 2,
      "relation" : "eq"
    },
    "max_score" : null,
    "hits" : [
      {
        "_index" : "taskmanager-2025-06",
        "_type" : "_doc",
        "_id" : "20",
        "_score" : 10.289016,
        "_routing" : "fbf44302-5ae1-43e9-9ac0-a5869d5d62b9",
        "_source" : {
          "id" : 20,
          "title" : "asp",
          "description" : "aspd21d",
          "priority" : "Medium",
          "status" : "Todo",
          "createdAt" : "2025-06-24T13:14:45.2703680",
          "userId" : "fbf44302-5ae1-43e9-9ac0-a5869d5d62b9",
          "comments" : [ ],
          "searchContent" : "asp aspd21d  ",
          "tags" : [
            "priority:medium",
            "status:todo"
          ],
          "isOverdue" : false,
          "isDeleted" : false
        },
        "sort" : [
          10.289016,
          1750770885270
        ]
      },
      {
        "_index" : "taskmanager-2025-06",
        "_type" : "_doc",
        "_id" : "19",
        "_score" : 9.634723,
        "_routing" : "fbf44302-5ae1-43e9-9ac0-a5869d5d62b9",
        "_source" : {
          "id" : 19,
          "title" : "asp",
          "description" : "asdasfdsvsdvcxsd",
          "priority" : "Medium",
          "status" : "Todo",
          "createdAt" : "2025-06-24T12:27:26.7004739",
          "userId" : "fbf44302-5ae1-43e9-9ac0-a5869d5d62b9",
          "project" : {
            "id" : 3,
            "name" : "Mohamed ANAS SAAD",
            "description" : "sdasdasd",
            "color" : "#df0707"
          },
          "comments" : [ ],
          "searchContent" : "asp asdasfdsvsdvcxsd Mohamed ANAS SAAD ",
          "tags" : [
            "priority:medium",
            "status:todo",
            "project:mohamed anas saad"
          ],
          "isOverdue" : false,
          "isDeleted" : false
        },
        "sort" : [
          9.634723,
          1750768046700
        ]
      }
    ]
  }
}

2025-06-26 11:29:37.747 +03:00 [INF] 🔍 SEARCH RESULT: IsValid=true, Total=2, Count=2, Took=4ms
2025-06-26 11:29:37.759 +03:00 [INF] User fbf44302-5ae1-43e9-9ac0-a5869d5d62b9 disconnected from notifications hub
2025-06-26 11:29:37.805 +03:00 [INF] User fbf44302-5ae1-43e9-9ac0-a5869d5d62b9 connected to notifications hub
2025-06-26 11:29:41.224 +03:00 [INF] 🔍 SEARCH: Query='test', UserId='fbf44302-5ae1-43e9-9ac0-a5869d5d62b9', Page=1
2025-06-26 11:29:41.279 +03:00 [INF] ✅ ES SUCCESS: "POST" "http://localhost:9200/taskmanager-2025-06/_search?pretty=true&typed_keys=true"
📤 REQUEST: {"from":0,"query":{"bool":{"must":[{"term":{"userId":{"value":"fbf44302-5ae1-43e9-9ac0-a5869d5d62b9"}}},{"term":{"isDeleted":{"value":false}}},{"bool":{"minimum_should_match":1,"should":[{"match":{"title":{"query":"test","boost":3.0}}},{"match":{"description":{"query":"test","boost":2.0}}},{"match":{"searchContent":{"query":"test","boost":1.0}}}]}}]}},"size":20,"sort":[{"_score":{"order":"desc"}},{"createdAt":{"order":"desc"}}]}
📥 RESPONSE: {
  "took" : 5,
  "timed_out" : false,
  "_shards" : {
    "total" : 1,
    "successful" : 1,
    "skipped" : 0,
    "failed" : 0
  },
  "hits" : {
    "total" : {
      "value" : 7,
      "relation" : "eq"
    },
    "max_score" : null,
    "hits" : [
      {
        "_index" : "taskmanager-2025-06",
        "_type" : "_doc",
        "_id" : "16",
        "_score" : 6.8432326,
        "_routing" : "fbf44302-5ae1-43e9-9ac0-a5869d5d62b9",
        "_source" : {
          "id" : 16,
          "title" : "elasticsearch test",
          "description" : "elasticsearch test",
          "priority" : "High",
          "status" : "Todo",
          "dueDate" : "2025-06-22T13:29:00",
          "createdAt" : "2025-06-24T10:29:24.3118403",
          "userId" : "fbf44302-5ae1-43e9-9ac0-a5869d5d62b9",
          "project" : {
            "id" : 3,
            "name" : "Mohamed ANAS SAAD",
            "description" : "sdasdasd",
            "color" : "#df0707"
          },
          "comments" : [ ],
          "searchContent" : "elasticsearch test elasticsearch test Mohamed ANAS SAAD ",
          "tags" : [
            "priority:high",
            "status:todo",
            "project:mohamed anas saad"
          ],
          "isOverdue" : true,
          "isDeleted" : false
        },
        "sort" : [
          6.8432326,
          1750760964311
        ]
      },
      {
        "_index" : "taskmanager-2025-06",
        "_type" : "_doc",
        "_id" : "21",
        "_score" : 5.7544484,
        "_routing" : "fbf44302-5ae1-43e9-9ac0-a5869d5d62b9",
        "_source" : {
          "id" : 21,
          "title" : "elasticsearch test 3",
          "description" : "elasticsearch test 3",
          "priority" : "High",
          "status" : "Todo",
          "dueDate" : "2025-06-28T09:54:00",
          "createdAt" : "2025-06-25T06:54:46.2831148",
          "userId" : "fbf44302-5ae1-43e9-9ac0-a5869d5d62b9",
          "project" : {
            "id" : 2,
            "name" : "belal saad",
            "description" : "ccc",
            "color" : "#000000"
          },
          "comments" : [ ],
          "searchContent" : "elasticsearch test 3 elasticsearch test 3 belal saad ",
          "tags" : [
            "priority:high",
            "status:todo",
            "project:belal saad"
          ],
          "isOverdue" : false,
          "isDeleted" : false
        },
        "sort" : [
          5.7544484,
          1750834486283
        ]
      },
      {
        "_index" : "taskmanager-2025-06",
        "_type" : "_doc",
        "_id" : "17",
        "_score" : 5.7044616,
        "_routing" : "fbf44302-5ae1-43e9-9ac0-a5869d5d62b9",
        "_source" : {
          "id" : 17,
          "title" : "elasticsearch test 1",
          "description" : "elasticsearch test 2",
          "priority" : "Medium",
          "status" : "Todo",
          "dueDate" : "2025-07-03T13:43:00",
          "createdAt" : "2025-06-24T10:44:02.5406000",
          "userId" : "fbf44302-5ae1-43e9-9ac0-a5869d5d62b9",
          "project" : {
            "id" : 3,
            "name" : "Mohamed ANAS SAAD",
            "description" : "sdasdasd",
            "color" : "#df0707"
          },
          "comments" : [ ],
          "searchContent" : "elasticsearch test 1 elasticsearch test 2 Mohamed ANAS SAAD ",
          "tags" : [
            "priority:medium",
            "status:todo",
            "project:mohamed anas saad"
          ],
          "isOverdue" : false,
          "isDeleted" : false
        },
        "sort" : [
          5.7044616,
          1750761842540
        ]
      },
      {
        "_index" : "taskmanager-2025-06",
        "_type" : "_doc",
        "_id" : "22",
        "_score" : 4.0141664,
        "_routing" : "fbf44302-5ae1-43e9-9ac0-a5869d5d62b9",
        "_source" : {
          "id" : 22,
          "title" : "test 66",
          "priority" : "Medium",
          "status" : "Todo",
          "createdAt" : "2025-06-25T07:57:08.3691926",
          "userId" : "fbf44302-5ae1-43e9-9ac0-a5869d5d62b9",
          "comments" : [ ],
          "searchContent" : "test 66   ",
          "tags" : [
            "priority:medium",
            "status:todo"
          ],
          "isOverdue" : false,
          "isDeleted" : false
        },
        "sort" : [
          4.0141664,
          1750838228369
        ]
      },
      {
        "_index" : "taskmanager-2025-06",
        "_type" : "_doc",
        "_id" : "14",
        "_score" : 3.8949535,
        "_routing" : "fbf44302-5ae1-43e9-9ac0-a5869d5d62b9",
        "_source" : {
          "id" : 14,
          "title" : "test 9",
          "description" : "qwdqwd",
          "priority" : "Critical",
          "status" : "Todo",
          "dueDate" : "2025-06-29T13:19:00",
          "createdAt" : "2025-06-24T10:19:39.1319414",
          "userId" : "fbf44302-5ae1-43e9-9ac0-a5869d5d62b9",
          "comments" : [ ],
          "searchContent" : "test 9 qwdqwd  ",
          "tags" : [
            "priority:critical",
            "status:todo"
          ],
          "isOverdue" : false,
          "isDeleted" : false
        },
        "sort" : [
          3.8949535,
          1750760379131
        ]
      },
      {
        "_index" : "taskmanager-2025-06",
        "_type" : "_doc",
        "_id" : "15",
        "_score" : 3.7142923,
        "_routing" : "fbf44302-5ae1-43e9-9ac0-a5869d5d62b9",
        "_source" : {
          "id" : 15,
          "title" : "test 10",
          "description" : "asdsad",
          "priority" : "Critical",
          "status" : "Todo",
          "dueDate" : "2025-07-01T13:23:00",
          "createdAt" : "2025-06-24T10:23:20.3456135",
          "userId" : "fbf44302-5ae1-43e9-9ac0-a5869d5d62b9",
          "project" : {
            "id" : 2,
            "name" : "belal saad",
            "description" : "ccc",
            "color" : "#000000"
          },
          "comments" : [ ],
          "searchContent" : "test 10 asdsad belal saad ",
          "tags" : [
            "priority:critical",
            "status:todo",
            "project:belal saad"
          ],
          "isOverdue" : false,
          "isDeleted" : false
        },
        "sort" : [
          3.7142923,
          1750760600345
        ]
      },
      {
        "_index" : "taskmanager-2025-06",
        "_type" : "_doc",
        "_id" : "13",
        "_score" : 3.644211,
        "_routing" : "fbf44302-5ae1-43e9-9ac0-a5869d5d62b9",
        "_source" : {
          "id" : 13,
          "title" : "test 55",
          "description" : "asdlsdngk;sd",
          "priority" : "Medium",
          "status" : "Todo",
          "dueDate" : "2025-06-30T12:58:00",
          "createdAt" : "2025-06-24T09:59:04.6568547",
          "userId" : "fbf44302-5ae1-43e9-9ac0-a5869d5d62b9",
          "project" : {
            "id" : 2,
            "name" : "belal saad",
            "description" : "ccc",
            "color" : "#000000"
          },
          "comments" : [ ],
          "searchContent" : "test 55 asdlsdngk;sd belal saad ",
          "tags" : [
            "priority:medium",
            "status:todo",
            "project:belal saad"
          ],
          "isOverdue" : false,
          "isDeleted" : false
        },
        "sort" : [
          3.644211,
          1750759144656
        ]
      }
    ]
  }
}

2025-06-26 11:29:41.299 +03:00 [INF] 🔍 SEARCH RESULT: IsValid=true, Total=7, Count=7, Took=5ms
2025-06-26 11:29:41.310 +03:00 [INF] User fbf44302-5ae1-43e9-9ac0-a5869d5d62b9 disconnected from notifications hub
2025-06-26 11:29:41.316 +03:00 [INF] ✅ ES SUCCESS: "POST" "http://localhost:9200/taskmanager-2025-06/_search?pretty=true&typed_keys=true"
📤 REQUEST: {"query":{"bool":{"must":[{"term":{"userId":{"value":"fbf44302-5ae1-43e9-9ac0-a5869d5d62b9"}}},{"term":{"isDeleted":{"value":false}}},{"wildcard":{"title":{"value":"*test*"}}}]}},"size":10,"_source":{"includes":["title"]}}
📥 RESPONSE: {
  "took" : 5,
  "timed_out" : false,
  "_shards" : {
    "total" : 1,
    "successful" : 1,
    "skipped" : 0,
    "failed" : 0
  },
  "hits" : {
    "total" : {
      "value" : 7,
      "relation" : "eq"
    },
    "max_score" : 1.0533365,
    "hits" : [
      {
        "_index" : "taskmanager-2025-06",
        "_type" : "_doc",
        "_id" : "13",
        "_score" : 1.0533365,
        "_routing" : "fbf44302-5ae1-43e9-9ac0-a5869d5d62b9",
        "_source" : {
          "title" : "test 55"
        }
      },
      {
        "_index" : "taskmanager-2025-06",
        "_type" : "_doc",
        "_id" : "14",
        "_score" : 1.0533365,
        "_routing" : "fbf44302-5ae1-43e9-9ac0-a5869d5d62b9",
        "_source" : {
          "title" : "test 9"
        }
      },
      {
        "_index" : "taskmanager-2025-06",
        "_type" : "_doc",
        "_id" : "15",
        "_score" : 1.0533365,
        "_routing" : "fbf44302-5ae1-43e9-9ac0-a5869d5d62b9",
        "_source" : {
          "title" : "test 10"
        }
      },
      {
        "_index" : "taskmanager-2025-06",
        "_type" : "_doc",
        "_id" : "16",
        "_score" : 1.0533365,
        "_routing" : "fbf44302-5ae1-43e9-9ac0-a5869d5d62b9",
        "_source" : {
          "title" : "elasticsearch test"
        }
      },
      {
        "_index" : "taskmanager-2025-06",
        "_type" : "_doc",
        "_id" : "17",
        "_score" : 1.0533365,
        "_routing" : "fbf44302-5ae1-43e9-9ac0-a5869d5d62b9",
        "_source" : {
          "title" : "elasticsearch test 1"
        }
      },
      {
        "_index" : "taskmanager-2025-06",
        "_type" : "_doc",
        "_id" : "21",
        "_score" : 1.0533365,
        "_routing" : "fbf44302-5ae1-43e9-9ac0-a5869d5d62b9",
        "_source" : {
          "title" : "elasticsearch test 3"
        }
      },
      {
        "_index" : "taskmanager-2025-06",
        "_type" : "_doc",
        "_id" : "22",
        "_score" : 1.0533365,
        "_routing" : "fbf44302-5ae1-43e9-9ac0-a5869d5d62b9",
        "_source" : {
          "title" : "test 66"
        }
      }
    ]
  }
}

2025-06-26 11:29:41.360 +03:00 [INF] User fbf44302-5ae1-43e9-9ac0-a5869d5d62b9 connected to notifications hub
2025-06-26 11:29:45.635 +03:00 [INF] User fbf44302-5ae1-43e9-9ac0-a5869d5d62b9 disconnected from notifications hub
2025-06-26 11:29:45.671 +03:00 [INF] User fbf44302-5ae1-43e9-9ac0-a5869d5d62b9 connected to notifications hub
2025-06-26 11:29:46.738 +03:00 [INF] User fbf44302-5ae1-43e9-9ac0-a5869d5d62b9 disconnected from notifications hub
2025-06-26 11:29:46.775 +03:00 [INF] User fbf44302-5ae1-43e9-9ac0-a5869d5d62b9 connected to notifications hub
2025-06-26 11:29:48.142 +03:00 [INF] User fbf44302-5ae1-43e9-9ac0-a5869d5d62b9 disconnected from notifications hub
2025-06-26 11:29:48.181 +03:00 [INF] User fbf44302-5ae1-43e9-9ac0-a5869d5d62b9 connected to notifications hub
2025-06-26 11:29:48.816 +03:00 [INF] User fbf44302-5ae1-43e9-9ac0-a5869d5d62b9 disconnected from notifications hub
2025-06-26 11:29:48.849 +03:00 [INF] User fbf44302-5ae1-43e9-9ac0-a5869d5d62b9 connected to notifications hub
2025-06-26 11:29:52.416 +03:00 [INF] User fbf44302-5ae1-43e9-9ac0-a5869d5d62b9 disconnected from notifications hub
2025-06-26 11:29:52.457 +03:00 [INF] User fbf44302-5ae1-43e9-9ac0-a5869d5d62b9 connected to notifications hub
2025-06-26 11:29:55.280 +03:00 [INF] User fbf44302-5ae1-43e9-9ac0-a5869d5d62b9 disconnected from notifications hub
2025-06-26 11:29:55.321 +03:00 [INF] User fbf44302-5ae1-43e9-9ac0-a5869d5d62b9 connected to notifications hub
2025-06-26 11:29:56.095 +03:00 [INF] User fbf44302-5ae1-43e9-9ac0-a5869d5d62b9 disconnected from notifications hub
2025-06-26 11:29:56.129 +03:00 [INF] User fbf44302-5ae1-43e9-9ac0-a5869d5d62b9 connected to notifications hub
2025-06-26 11:29:57.078 +03:00 [INF] User fbf44302-5ae1-43e9-9ac0-a5869d5d62b9 disconnected from notifications hub
2025-06-26 11:29:57.113 +03:00 [INF] User fbf44302-5ae1-43e9-9ac0-a5869d5d62b9 connected to notifications hub
2025-06-26 11:29:58.127 +03:00 [INF] User fbf44302-5ae1-43e9-9ac0-a5869d5d62b9 disconnected from notifications hub
2025-06-26 11:29:58.188 +03:00 [INF] User fbf44302-5ae1-43e9-9ac0-a5869d5d62b9 connected to notifications hub
2025-06-26 11:29:58.195 +03:00 [INF] Request get:/notifications/getunreadcount from IP ::1 has been blocked, quota 100/1m exceeded by 1. Blocked by rule *, TraceIdentifier 0HNDKHE37G0JV:00000052. MonitorMode: False
2025-06-26 11:29:59.382 +03:00 [INF] Request get:/search from IP ::1 has been blocked, quota 100/1m exceeded by 2. Blocked by rule *, TraceIdentifier 0HNDKHE37G0JV:00000053. MonitorMode: False
2025-06-26 11:29:59.388 +03:00 [INF] User fbf44302-5ae1-43e9-9ac0-a5869d5d62b9 disconnected from notifications hub
2025-06-26 11:30:05.997 +03:00 [INF] Request get:/search from IP ::1 has been blocked, quota 100/1m exceeded by 3. Blocked by rule *, TraceIdentifier 0HNDKHE37G0JV:00000054. MonitorMode: False
2025-06-26 11:30:06.653 +03:00 [INF] Request get:/search from IP ::1 has been blocked, quota 100/1m exceeded by 4. Blocked by rule *, TraceIdentifier 0HNDKHE37G0JV:00000055. MonitorMode: False
2025-06-26 11:30:10.383 +03:00 [INF] Request get:/ from IP ::1 has been blocked, quota 100/1m exceeded by 5. Blocked by rule *, TraceIdentifier 0HNDKHE37G0JV:00000056. MonitorMode: False
2025-06-26 11:30:13.531 +03:00 [INF] Dashboard loaded for user fbf44302-5ae1-43e9-9ac0-a5869d5d62b9 in 9ms
2025-06-26 11:30:13.574 +03:00 [INF] User fbf44302-5ae1-43e9-9ac0-a5869d5d62b9 connected to notifications hub
2025-06-26 11:30:27.643 +03:00 [INF] User logged out.
2025-06-26 11:30:27.659 +03:00 [INF] User fbf44302-5ae1-43e9-9ac0-a5869d5d62b9 disconnected from notifications hub
2025-06-26 11:31:31.848 +03:00 [INF] 🚀 Attempting to send password reset to belalsaad19986@gmail.com
2025-06-26 11:31:33.836 +03:00 [INF] ✅ Password reset email sent successfully to belalsaad19986@gmail.com
2025-06-26 11:31:33.839 +03:00 [INF] Password reset email sent to belalsaad19986@gmail.com
2025-06-26 11:33:19.221 +03:00 [INF] User belalsaad19986@gmail.com logged in.
2025-06-26 11:33:19.292 +03:00 [INF] User fbf44302-5ae1-43e9-9ac0-a5869d5d62b9 connected to notifications hub
2025-06-26 11:33:23.214 +03:00 [INF] Attempting to delete user account for belalsaad19986@gmail.com
2025-06-26 11:33:23.232 +03:00 [INF] Marked 19 tasks for deletion for user belalsaad19986@gmail.com
2025-06-26 11:33:23.240 +03:00 [INF] Marked 2 projects for deletion for user belalsaad19986@gmail.com
2025-06-26 11:33:23.375 +03:00 [INF] User belalsaad19986@gmail.com successfully deleted their account.
2025-06-26 11:33:23.389 +03:00 [INF] User fbf44302-5ae1-43e9-9ac0-a5869d5d62b9 disconnected from notifications hub
2025-06-26 11:33:43.841 +03:00 [INF] User created a new account with email belalsaad19986@gmail.com.
2025-06-26 11:33:43.882 +03:00 [INF] 🚀 Attempting to send email confirmation to belalsaad19986@gmail.com
2025-06-26 11:33:46.104 +03:00 [INF] ✅ Email confirmation sent successfully to belalsaad19986@gmail.com
2025-06-26 11:33:46.105 +03:00 [INF] Email confirmation sent to belalsaad19986@gmail.com.
2025-06-26 11:33:58.315 +03:00 [INF] Email confirmed for user belalsaad19986@gmail.com.
2025-06-26 11:34:14.620 +03:00 [INF] User belalsaad19986@gmail.com logged in.
2025-06-26 11:34:14.653 +03:00 [INF] Dashboard loaded for user 28648342-e6f9-4e4d-8f1e-78756ecaa9f5 in 22ms
2025-06-26 11:34:14.732 +03:00 [INF] User 28648342-e6f9-4e4d-8f1e-78756ecaa9f5 connected to notifications hub
2025-06-26 11:34:17.356 +03:00 [INF] User 28648342-e6f9-4e4d-8f1e-78756ecaa9f5 disconnected from notifications hub
2025-06-26 11:34:17.391 +03:00 [INF] User 28648342-e6f9-4e4d-8f1e-78756ecaa9f5 connected to notifications hub
2025-06-26 11:34:18.264 +03:00 [INF] User 28648342-e6f9-4e4d-8f1e-78756ecaa9f5 disconnected from notifications hub
2025-06-26 11:34:18.298 +03:00 [INF] User 28648342-e6f9-4e4d-8f1e-78756ecaa9f5 connected to notifications hub
2025-06-26 11:34:18.984 +03:00 [INF] User 28648342-e6f9-4e4d-8f1e-78756ecaa9f5 disconnected from notifications hub
2025-06-26 11:34:19.024 +03:00 [INF] User 28648342-e6f9-4e4d-8f1e-78756ecaa9f5 connected to notifications hub
2025-06-26 11:34:19.721 +03:00 [INF] User 28648342-e6f9-4e4d-8f1e-78756ecaa9f5 disconnected from notifications hub
2025-06-26 11:34:19.761 +03:00 [INF] User 28648342-e6f9-4e4d-8f1e-78756ecaa9f5 connected to notifications hub
2025-06-26 11:34:20.009 +03:00 [INF] User 28648342-e6f9-4e4d-8f1e-78756ecaa9f5 disconnected from notifications hub
2025-06-26 11:34:20.043 +03:00 [INF] User 28648342-e6f9-4e4d-8f1e-78756ecaa9f5 connected to notifications hub
2025-06-26 11:34:24.576 +03:00 [INF] User 28648342-e6f9-4e4d-8f1e-78756ecaa9f5 disconnected from notifications hub
2025-06-26 11:34:24.609 +03:00 [INF] User 28648342-e6f9-4e4d-8f1e-78756ecaa9f5 connected to notifications hub
2025-06-26 11:34:25.845 +03:00 [INF] User 28648342-e6f9-4e4d-8f1e-78756ecaa9f5 disconnected from notifications hub
2025-06-26 11:34:25.876 +03:00 [INF] User 28648342-e6f9-4e4d-8f1e-78756ecaa9f5 connected to notifications hub
2025-06-26 11:34:32.526 +03:00 [INF] Project created: 4 by user 28648342-e6f9-4e4d-8f1e-78756ecaa9f5
2025-06-26 11:34:32.564 +03:00 [ERR] An exception occurred in the database while saving changes for context type 'TaskManager.Web.Data.ApplicationDbContext'.
Microsoft.EntityFrameworkCore.DbUpdateException: An error occurred while saving the entity changes. See the inner exception for details.
 ---> Microsoft.Data.SqlClient.SqlException (0x80131904): The INSERT statement conflicted with the FOREIGN KEY constraint "FK_Notifications_Projects_ProjectId". The conflict occurred in database "TaskManagerDB", table "dbo.Projects", column 'Id'.
   at Microsoft.Data.SqlClient.SqlConnection.OnError(SqlException exception, Boolean breakConnection, Action`1 wrapCloseInAction)
   at Microsoft.Data.SqlClient.SqlInternalConnection.OnError(SqlException exception, Boolean breakConnection, Action`1 wrapCloseInAction)
   at Microsoft.Data.SqlClient.TdsParser.ThrowExceptionAndWarning(TdsParserStateObject stateObj, Boolean callerHasConnectionLock, Boolean asyncClose)
   at Microsoft.Data.SqlClient.TdsParser.TryRun(RunBehavior runBehavior, SqlCommand cmdHandler, SqlDataReader dataStream, BulkCopySimpleResultSet bulkCopyHandler, TdsParserStateObject stateObj, Boolean& dataReady)
   at Microsoft.Data.SqlClient.SqlDataReader.TryHasMoreRows(Boolean& moreRows)
   at Microsoft.Data.SqlClient.SqlDataReader.TryReadInternal(Boolean setTimeout, Boolean& more)
   at Microsoft.Data.SqlClient.SqlDataReader.ReadAsyncExecute(Task task, Object state)
   at Microsoft.Data.SqlClient.SqlDataReader.InvokeAsyncCall[T](SqlDataReaderBaseAsyncCallContext`1 context)
--- End of stack trace from previous location ---
   at Microsoft.EntityFrameworkCore.Update.AffectedCountModificationCommandBatch.ConsumeResultSetAsync(Int32 startCommandIndex, RelationalDataReader reader, CancellationToken cancellationToken)
ClientConnectionId:c081b40f-5ba7-4c80-a579-af5c73f3de85
Error Number:547,State:0,Class:16
   --- End of inner exception stack trace ---
   at Microsoft.EntityFrameworkCore.Update.AffectedCountModificationCommandBatch.ConsumeResultSetAsync(Int32 startCommandIndex, RelationalDataReader reader, CancellationToken cancellationToken)
   at Microsoft.EntityFrameworkCore.Update.AffectedCountModificationCommandBatch.ConsumeAsync(RelationalDataReader reader, CancellationToken cancellationToken)
   at Microsoft.EntityFrameworkCore.Update.ReaderModificationCommandBatch.ExecuteAsync(IRelationalConnection connection, CancellationToken cancellationToken)
   at Microsoft.EntityFrameworkCore.Update.ReaderModificationCommandBatch.ExecuteAsync(IRelationalConnection connection, CancellationToken cancellationToken)
   at Microsoft.EntityFrameworkCore.SqlServer.Update.Internal.SqlServerModificationCommandBatch.ExecuteAsync(IRelationalConnection connection, CancellationToken cancellationToken)
   at Microsoft.EntityFrameworkCore.Update.Internal.BatchExecutor.ExecuteAsync(IEnumerable`1 commandBatches, IRelationalConnection connection, CancellationToken cancellationToken)
   at Microsoft.EntityFrameworkCore.Update.Internal.BatchExecutor.ExecuteAsync(IEnumerable`1 commandBatches, IRelationalConnection connection, CancellationToken cancellationToken)
   at Microsoft.EntityFrameworkCore.Update.Internal.BatchExecutor.ExecuteAsync(IEnumerable`1 commandBatches, IRelationalConnection connection, CancellationToken cancellationToken)
   at Microsoft.EntityFrameworkCore.Storage.RelationalDatabase.SaveChangesAsync(IList`1 entries, CancellationToken cancellationToken)
   at Microsoft.EntityFrameworkCore.ChangeTracking.Internal.StateManager.SaveChangesAsync(IList`1 entriesToSave, CancellationToken cancellationToken)
   at Microsoft.EntityFrameworkCore.ChangeTracking.Internal.StateManager.SaveChangesAsync(StateManager stateManager, Boolean acceptAllChangesOnSuccess, CancellationToken cancellationToken)
   at Microsoft.EntityFrameworkCore.SqlServer.Storage.Internal.SqlServerExecutionStrategy.ExecuteAsync[TState,TResult](TState state, Func`4 operation, Func`4 verifySucceeded, CancellationToken cancellationToken)
   at Microsoft.EntityFrameworkCore.DbContext.SaveChangesAsync(Boolean acceptAllChangesOnSuccess, CancellationToken cancellationToken)
Microsoft.EntityFrameworkCore.DbUpdateException: An error occurred while saving the entity changes. See the inner exception for details.
 ---> Microsoft.Data.SqlClient.SqlException (0x80131904): The INSERT statement conflicted with the FOREIGN KEY constraint "FK_Notifications_Projects_ProjectId". The conflict occurred in database "TaskManagerDB", table "dbo.Projects", column 'Id'.
   at Microsoft.Data.SqlClient.SqlConnection.OnError(SqlException exception, Boolean breakConnection, Action`1 wrapCloseInAction)
   at Microsoft.Data.SqlClient.SqlInternalConnection.OnError(SqlException exception, Boolean breakConnection, Action`1 wrapCloseInAction)
   at Microsoft.Data.SqlClient.TdsParser.ThrowExceptionAndWarning(TdsParserStateObject stateObj, Boolean callerHasConnectionLock, Boolean asyncClose)
   at Microsoft.Data.SqlClient.TdsParser.TryRun(RunBehavior runBehavior, SqlCommand cmdHandler, SqlDataReader dataStream, BulkCopySimpleResultSet bulkCopyHandler, TdsParserStateObject stateObj, Boolean& dataReady)
   at Microsoft.Data.SqlClient.SqlDataReader.TryHasMoreRows(Boolean& moreRows)
   at Microsoft.Data.SqlClient.SqlDataReader.TryReadInternal(Boolean setTimeout, Boolean& more)
   at Microsoft.Data.SqlClient.SqlDataReader.ReadAsyncExecute(Task task, Object state)
   at Microsoft.Data.SqlClient.SqlDataReader.InvokeAsyncCall[T](SqlDataReaderBaseAsyncCallContext`1 context)
--- End of stack trace from previous location ---
   at Microsoft.EntityFrameworkCore.Update.AffectedCountModificationCommandBatch.ConsumeResultSetAsync(Int32 startCommandIndex, RelationalDataReader reader, CancellationToken cancellationToken)
ClientConnectionId:c081b40f-5ba7-4c80-a579-af5c73f3de85
Error Number:547,State:0,Class:16
   --- End of inner exception stack trace ---
   at Microsoft.EntityFrameworkCore.Update.AffectedCountModificationCommandBatch.ConsumeResultSetAsync(Int32 startCommandIndex, RelationalDataReader reader, CancellationToken cancellationToken)
   at Microsoft.EntityFrameworkCore.Update.AffectedCountModificationCommandBatch.ConsumeAsync(RelationalDataReader reader, CancellationToken cancellationToken)
   at Microsoft.EntityFrameworkCore.Update.ReaderModificationCommandBatch.ExecuteAsync(IRelationalConnection connection, CancellationToken cancellationToken)
   at Microsoft.EntityFrameworkCore.Update.ReaderModificationCommandBatch.ExecuteAsync(IRelationalConnection connection, CancellationToken cancellationToken)
   at Microsoft.EntityFrameworkCore.SqlServer.Update.Internal.SqlServerModificationCommandBatch.ExecuteAsync(IRelationalConnection connection, CancellationToken cancellationToken)
   at Microsoft.EntityFrameworkCore.Update.Internal.BatchExecutor.ExecuteAsync(IEnumerable`1 commandBatches, IRelationalConnection connection, CancellationToken cancellationToken)
   at Microsoft.EntityFrameworkCore.Update.Internal.BatchExecutor.ExecuteAsync(IEnumerable`1 commandBatches, IRelationalConnection connection, CancellationToken cancellationToken)
   at Microsoft.EntityFrameworkCore.Update.Internal.BatchExecutor.ExecuteAsync(IEnumerable`1 commandBatches, IRelationalConnection connection, CancellationToken cancellationToken)
   at Microsoft.EntityFrameworkCore.Storage.RelationalDatabase.SaveChangesAsync(IList`1 entries, CancellationToken cancellationToken)
   at Microsoft.EntityFrameworkCore.ChangeTracking.Internal.StateManager.SaveChangesAsync(IList`1 entriesToSave, CancellationToken cancellationToken)
   at Microsoft.EntityFrameworkCore.ChangeTracking.Internal.StateManager.SaveChangesAsync(StateManager stateManager, Boolean acceptAllChangesOnSuccess, CancellationToken cancellationToken)
   at Microsoft.EntityFrameworkCore.SqlServer.Storage.Internal.SqlServerExecutionStrategy.ExecuteAsync[TState,TResult](TState state, Func`4 operation, Func`4 verifySucceeded, CancellationToken cancellationToken)
   at Microsoft.EntityFrameworkCore.DbContext.SaveChangesAsync(Boolean acceptAllChangesOnSuccess, CancellationToken cancellationToken)
2025-06-26 11:34:32.588 +03:00 [ERR] An unhandled exception has occurred while executing the request.
Microsoft.EntityFrameworkCore.DbUpdateException: An error occurred while saving the entity changes. See the inner exception for details.
 ---> Microsoft.Data.SqlClient.SqlException (0x80131904): The INSERT statement conflicted with the FOREIGN KEY constraint "FK_Notifications_Projects_ProjectId". The conflict occurred in database "TaskManagerDB", table "dbo.Projects", column 'Id'.
   at Microsoft.Data.SqlClient.SqlConnection.OnError(SqlException exception, Boolean breakConnection, Action`1 wrapCloseInAction)
   at Microsoft.Data.SqlClient.SqlInternalConnection.OnError(SqlException exception, Boolean breakConnection, Action`1 wrapCloseInAction)
   at Microsoft.Data.SqlClient.TdsParser.ThrowExceptionAndWarning(TdsParserStateObject stateObj, Boolean callerHasConnectionLock, Boolean asyncClose)
   at Microsoft.Data.SqlClient.TdsParser.TryRun(RunBehavior runBehavior, SqlCommand cmdHandler, SqlDataReader dataStream, BulkCopySimpleResultSet bulkCopyHandler, TdsParserStateObject stateObj, Boolean& dataReady)
   at Microsoft.Data.SqlClient.SqlDataReader.TryHasMoreRows(Boolean& moreRows)
   at Microsoft.Data.SqlClient.SqlDataReader.TryReadInternal(Boolean setTimeout, Boolean& more)
   at Microsoft.Data.SqlClient.SqlDataReader.ReadAsyncExecute(Task task, Object state)
   at Microsoft.Data.SqlClient.SqlDataReader.InvokeAsyncCall[T](SqlDataReaderBaseAsyncCallContext`1 context)
--- End of stack trace from previous location ---
   at Microsoft.EntityFrameworkCore.Update.AffectedCountModificationCommandBatch.ConsumeResultSetAsync(Int32 startCommandIndex, RelationalDataReader reader, CancellationToken cancellationToken)
ClientConnectionId:c081b40f-5ba7-4c80-a579-af5c73f3de85
Error Number:547,State:0,Class:16
   --- End of inner exception stack trace ---
   at Microsoft.EntityFrameworkCore.Update.AffectedCountModificationCommandBatch.ConsumeResultSetAsync(Int32 startCommandIndex, RelationalDataReader reader, CancellationToken cancellationToken)
   at Microsoft.EntityFrameworkCore.Update.AffectedCountModificationCommandBatch.ConsumeAsync(RelationalDataReader reader, CancellationToken cancellationToken)
   at Microsoft.EntityFrameworkCore.Update.ReaderModificationCommandBatch.ExecuteAsync(IRelationalConnection connection, CancellationToken cancellationToken)
   at Microsoft.EntityFrameworkCore.Update.ReaderModificationCommandBatch.ExecuteAsync(IRelationalConnection connection, CancellationToken cancellationToken)
   at Microsoft.EntityFrameworkCore.SqlServer.Update.Internal.SqlServerModificationCommandBatch.ExecuteAsync(IRelationalConnection connection, CancellationToken cancellationToken)
   at Microsoft.EntityFrameworkCore.Update.Internal.BatchExecutor.ExecuteAsync(IEnumerable`1 commandBatches, IRelationalConnection connection, CancellationToken cancellationToken)
   at Microsoft.EntityFrameworkCore.Update.Internal.BatchExecutor.ExecuteAsync(IEnumerable`1 commandBatches, IRelationalConnection connection, CancellationToken cancellationToken)
   at Microsoft.EntityFrameworkCore.Update.Internal.BatchExecutor.ExecuteAsync(IEnumerable`1 commandBatches, IRelationalConnection connection, CancellationToken cancellationToken)
   at Microsoft.EntityFrameworkCore.Storage.RelationalDatabase.SaveChangesAsync(IList`1 entries, CancellationToken cancellationToken)
   at Microsoft.EntityFrameworkCore.ChangeTracking.Internal.StateManager.SaveChangesAsync(IList`1 entriesToSave, CancellationToken cancellationToken)
   at Microsoft.EntityFrameworkCore.ChangeTracking.Internal.StateManager.SaveChangesAsync(StateManager stateManager, Boolean acceptAllChangesOnSuccess, CancellationToken cancellationToken)
   at Microsoft.EntityFrameworkCore.SqlServer.Storage.Internal.SqlServerExecutionStrategy.ExecuteAsync[TState,TResult](TState state, Func`4 operation, Func`4 verifySucceeded, CancellationToken cancellationToken)
   at Microsoft.EntityFrameworkCore.DbContext.SaveChangesAsync(Boolean acceptAllChangesOnSuccess, CancellationToken cancellationToken)
   at Microsoft.EntityFrameworkCore.DbContext.SaveChangesAsync(Boolean acceptAllChangesOnSuccess, CancellationToken cancellationToken)
   at TaskManager.Web.Services.Business.NotificationService.CreateNotificationAsync(String userId, String title, String message, NotificationType type, Nullable`1 taskId, Nullable`1 projectId) in B:\1\30\TaskManagerMVC\TaskManager.Web\Services\Business\NotificationService.cs:line 41
   at TaskManager.Web.Services.Business.NotificationService.NotifyProjectCreatedAsync(String userId, Project project) in B:\1\30\TaskManagerMVC\TaskManager.Web\Services\Business\NotificationService.cs:line 177
   at TaskManager.Web.Controllers.ProjectsController.Create(CreateProjectViewModel viewModel) in B:\1\30\TaskManagerMVC\TaskManager.Web\Controllers\ProjectsController.cs:line 144
   at Microsoft.AspNetCore.Mvc.Infrastructure.ActionMethodExecutor.TaskOfIActionResultExecutor.Execute(ActionContext actionContext, IActionResultTypeMapper mapper, ObjectMethodExecutor executor, Object controller, Object[] arguments)
   at Microsoft.AspNetCore.Mvc.Infrastructure.ControllerActionInvoker.<InvokeActionMethodAsync>g__Awaited|12_0(ControllerActionInvoker invoker, ValueTask`1 actionResultValueTask)
   at Microsoft.AspNetCore.Mvc.Infrastructure.ControllerActionInvoker.<InvokeNextActionFilterAsync>g__Awaited|10_0(ControllerActionInvoker invoker, Task lastTask, State next, Scope scope, Object state, Boolean isCompleted)
   at Microsoft.AspNetCore.Mvc.Infrastructure.ControllerActionInvoker.Rethrow(ActionExecutedContextSealed context)
   at Microsoft.AspNetCore.Mvc.Infrastructure.ControllerActionInvoker.Next(State& next, Scope& scope, Object& state, Boolean& isCompleted)
   at Microsoft.AspNetCore.Mvc.Infrastructure.ControllerActionInvoker.<InvokeInnerFilterAsync>g__Awaited|13_0(ControllerActionInvoker invoker, Task lastTask, State next, Scope scope, Object state, Boolean isCompleted)
   at Microsoft.AspNetCore.Mvc.Infrastructure.ResourceInvoker.<InvokeNextResourceFilter>g__Awaited|25_0(ResourceInvoker invoker, Task lastTask, State next, Scope scope, Object state, Boolean isCompleted)
   at Microsoft.AspNetCore.Mvc.Infrastructure.ResourceInvoker.Rethrow(ResourceExecutedContextSealed context)
   at Microsoft.AspNetCore.Mvc.Infrastructure.ResourceInvoker.Next(State& next, Scope& scope, Object& state, Boolean& isCompleted)
   at Microsoft.AspNetCore.Mvc.Infrastructure.ResourceInvoker.<InvokeFilterPipelineAsync>g__Awaited|20_0(ResourceInvoker invoker, Task lastTask, State next, Scope scope, Object state, Boolean isCompleted)
   at Microsoft.AspNetCore.Mvc.Infrastructure.ResourceInvoker.<InvokeAsync>g__Awaited|17_0(ResourceInvoker invoker, Task task, IDisposable scope)
   at Microsoft.AspNetCore.Mvc.Infrastructure.ResourceInvoker.<InvokeAsync>g__Awaited|17_0(ResourceInvoker invoker, Task task, IDisposable scope)
   at Microsoft.AspNetCore.Authorization.AuthorizationMiddleware.Invoke(HttpContext context)
   at Microsoft.AspNetCore.Authentication.AuthenticationMiddleware.Invoke(HttpContext context)
   at AspNetCoreRateLimit.RateLimitMiddleware`1.Invoke(HttpContext context) in C:\Users\User\Documents\Github\AspNetCoreRateLimit\src\AspNetCoreRateLimit\Middleware\RateLimitMiddleware.cs:line 124
   at Microsoft.AspNetCore.Diagnostics.DeveloperExceptionPageMiddlewareImpl.Invoke(HttpContext context)
2025-06-26 11:34:32.685 +03:00 [INF] User 28648342-e6f9-4e4d-8f1e-78756ecaa9f5 disconnected from notifications hub
2025-06-26 11:42:26.836 +03:00 [INF] Server laptop-mg727ebl:18972:317f4583 caught stopping signal...
2025-06-26 11:42:26.839 +03:00 [INF] Application is shutting down...
2025-06-26 11:42:27.227 +03:00 [INF] Server laptop-mg727ebl:18972:317f4583 All dispatchers stopped
2025-06-26 11:42:27.234 +03:00 [INF] Server laptop-mg727ebl:18972:317f4583 successfully reported itself as stopped in 4.1143 ms
2025-06-26 11:42:27.235 +03:00 [INF] Server laptop-mg727ebl:18972:317f4583 has been stopped in total 396.3693 ms
